<?xml version="1.0" encoding="UTF-8"?>
<testsuite xmlns:xsi="http://www.w3.org/2001/XMLSchema-instance" xsi:noNamespaceSchemaLocation="https://maven.apache.org/surefire/maven-surefire-plugin/xsd/surefire-test-report.xsd" name="com.xammer.cloud.CloudApplicationTests" time="39.703" tests="1" errors="0" skipped="0" failures="0">
  <properties>
    <property name="java.specification.version" value="17"/>
    <property name="sun.cpu.isalist" value="amd64"/>
    <property name="sun.jnu.encoding" value="Cp1252"/>
    <property name="java.class.path" value="C:\Users\arora\OneDrive\Desktop\XamOps-Platform\XamOps-Platform\xamops-service\target\test-classes;C:\Users\arora\OneDrive\Desktop\XamOps-Platform\XamOps-Platform\xamops-service\target\classes;C:\Users\arora\.m2\repository\org\springframework\cloud\spring-cloud-starter-netflix-eureka-client\3.1.4\spring-cloud-starter-netflix-eureka-client-3.1.4.jar;C:\Users\arora\.m2\repository\org\springframework\cloud\spring-cloud-starter\3.1.5\spring-cloud-starter-3.1.5.jar;C:\Users\arora\.m2\repository\org\springframework\cloud\spring-cloud-context\3.1.5\spring-cloud-context-3.1.5.jar;C:\Users\arora\.m2\repository\org\springframework\security\spring-security-crypto\5.7.4\spring-security-crypto-5.7.4.jar;C:\Users\arora\.m2\repository\org\springframework\cloud\spring-cloud-commons\3.1.5\spring-cloud-commons-3.1.5.jar;C:\Users\arora\.m2\repository\org\springframework\security\spring-security-rsa\1.0.11.RELEASE\spring-security-rsa-1.0.11.RELEASE.jar;C:\Users\arora\.m2\repository\org\bouncycastle\bcpkix-jdk15on\1.69\bcpkix-jdk15on-1.69.jar;C:\Users\arora\.m2\repository\org\bouncycastle\bcprov-jdk15on\1.69\bcprov-jdk15on-1.69.jar;C:\Users\arora\.m2\repository\org\bouncycastle\bcutil-jdk15on\1.69\bcutil-jdk15on-1.69.jar;C:\Users\arora\.m2\repository\org\springframework\cloud\spring-cloud-netflix-eureka-client\3.1.4\spring-cloud-netflix-eureka-client-3.1.4.jar;C:\Users\arora\.m2\repository\com\netflix\eureka\eureka-client\1.10.17\eureka-client-1.10.17.jar;C:\Users\arora\.m2\repository\com\netflix\netflix-commons\netflix-eventbus\0.3.0\netflix-eventbus-0.3.0.jar;C:\Users\arora\.m2\repository\com\netflix\netflix-commons\netflix-infix\0.3.0\netflix-infix-0.3.0.jar;C:\Users\arora\.m2\repository\commons-jxpath\commons-jxpath\1.3\commons-jxpath-1.3.jar;C:\Users\arora\.m2\repository\joda-time\joda-time\2.3\joda-time-2.3.jar;C:\Users\arora\.m2\repository\org\antlr\antlr-runtime\3.4\antlr-runtime-3.4.jar;C:\Users\arora\.m2\repository\org\antlr\stringtemplate\3.2.1\stringtemplate-3.2.1.jar;C:\Users\arora\.m2\repository\org\apache\commons\commons-math\2.2\commons-math-2.2.jar;C:\Users\arora\.m2\repository\com\thoughtworks\xstream\xstream\1.4.18\xstream-1.4.18.jar;C:\Users\arora\.m2\repository\io\github\x-stream\mxparser\1.2.2\mxparser-1.2.2.jar;C:\Users\arora\.m2\repository\xmlpull\xmlpull\1.1.3.1\xmlpull-1.1.3.1.jar;C:\Users\arora\.m2\repository\javax\ws\rs\jsr311-api\1.1.1\jsr311-api-1.1.1.jar;C:\Users\arora\.m2\repository\com\netflix\servo\servo-core\0.12.21\servo-core-0.12.21.jar;C:\Users\arora\.m2\repository\commons-configuration\commons-configuration\1.10\commons-configuration-1.10.jar;C:\Users\arora\.m2\repository\commons-lang\commons-lang\2.6\commons-lang-2.6.jar;C:\Users\arora\.m2\repository\com\google\inject\guice\4.1.0\guice-4.1.0.jar;C:\Users\arora\.m2\repository\javax\inject\javax.inject\1\javax.inject-1.jar;C:\Users\arora\.m2\repository\org\codehaus\jettison\jettison\1.4.0\jettison-1.4.0.jar;C:\Users\arora\.m2\repository\com\netflix\eureka\eureka-core\1.10.17\eureka-core-1.10.17.jar;C:\Users\arora\.m2\repository\com\fasterxml\woodstox\woodstox-core\6.2.1\woodstox-core-6.2.1.jar;C:\Users\arora\.m2\repository\org\codehaus\woodstox\stax2-api\4.2.1\stax2-api-4.2.1.jar;C:\Users\arora\.m2\repository\org\springframework\cloud\spring-cloud-starter-loadbalancer\3.1.5\spring-cloud-starter-loadbalancer-3.1.5.jar;C:\Users\arora\.m2\repository\org\springframework\cloud\spring-cloud-loadbalancer\3.1.5\spring-cloud-loadbalancer-3.1.5.jar;C:\Users\arora\.m2\repository\io\projectreactor\reactor-core\3.4.24\reactor-core-3.4.24.jar;C:\Users\arora\.m2\repository\io\projectreactor\addons\reactor-extra\3.4.8\reactor-extra-3.4.8.jar;C:\Users\arora\.m2\repository\com\stoyanr\evictor\1.0.0\evictor-1.0.0.jar;C:\Users\arora\.m2\repository\org\springframework\boot\spring-boot-starter-web\2.7.5\spring-boot-starter-web-2.7.5.jar;C:\Users\arora\.m2\repository\org\springframework\boot\spring-boot-starter\2.7.5\spring-boot-starter-2.7.5.jar;C:\Users\arora\.m2\repository\org\springframework\boot\spring-boot-starter-logging\2.7.5\spring-boot-starter-logging-2.7.5.jar;C:\Users\arora\.m2\repository\ch\qos\logback\logback-classic\1.2.11\logback-classic-1.2.11.jar;C:\Users\arora\.m2\repository\ch\qos\logback\logback-core\1.2.11\logback-core-1.2.11.jar;C:\Users\arora\.m2\repository\org\apache\logging\log4j\log4j-to-slf4j\2.17.2\log4j-to-slf4j-2.17.2.jar;C:\Users\arora\.m2\repository\org\slf4j\jul-to-slf4j\1.7.36\jul-to-slf4j-1.7.36.jar;C:\Users\arora\.m2\repository\jakarta\annotation\jakarta.annotation-api\1.3.5\jakarta.annotation-api-1.3.5.jar;C:\Users\arora\.m2\repository\org\yaml\snakeyaml\1.30\snakeyaml-1.30.jar;C:\Users\arora\.m2\repository\org\springframework\boot\spring-boot-starter-json\2.7.5\spring-boot-starter-json-2.7.5.jar;C:\Users\arora\.m2\repository\com\fasterxml\jackson\datatype\jackson-datatype-jdk8\2.13.4\jackson-datatype-jdk8-2.13.4.jar;C:\Users\arora\.m2\repository\com\fasterxml\jackson\module\jackson-module-parameter-names\2.13.4\jackson-module-parameter-names-2.13.4.jar;C:\Users\arora\.m2\repository\org\springframework\boot\spring-boot-starter-tomcat\2.7.5\spring-boot-starter-tomcat-2.7.5.jar;C:\Users\arora\.m2\repository\org\apache\tomcat\embed\tomcat-embed-core\9.0.68\tomcat-embed-core-9.0.68.jar;C:\Users\arora\.m2\repository\org\apache\tomcat\embed\tomcat-embed-el\9.0.68\tomcat-embed-el-9.0.68.jar;C:\Users\arora\.m2\repository\org\apache\tomcat\embed\tomcat-embed-websocket\9.0.68\tomcat-embed-websocket-9.0.68.jar;C:\Users\arora\.m2\repository\org\springframework\spring-web\5.3.23\spring-web-5.3.23.jar;C:\Users\arora\.m2\repository\org\springframework\spring-beans\5.3.23\spring-beans-5.3.23.jar;C:\Users\arora\.m2\repository\org\springframework\spring-webmvc\5.3.23\spring-webmvc-5.3.23.jar;C:\Users\arora\.m2\repository\org\springframework\spring-context\5.3.23\spring-context-5.3.23.jar;C:\Users\arora\.m2\repository\org\springframework\spring-expression\5.3.23\spring-expression-5.3.23.jar;C:\Users\arora\.m2\repository\org\springframework\boot\spring-boot-starter-security\2.7.5\spring-boot-starter-security-2.7.5.jar;C:\Users\arora\.m2\repository\org\springframework\spring-aop\5.3.23\spring-aop-5.3.23.jar;C:\Users\arora\.m2\repository\org\springframework\security\spring-security-config\5.7.4\spring-security-config-5.7.4.jar;C:\Users\arora\.m2\repository\org\springframework\security\spring-security-core\5.7.4\spring-security-core-5.7.4.jar;C:\Users\arora\.m2\repository\org\springframework\security\spring-security-web\5.7.4\spring-security-web-5.7.4.jar;C:\Users\arora\.m2\repository\org\springframework\boot\spring-boot-starter-data-jpa\2.7.5\spring-boot-starter-data-jpa-2.7.5.jar;C:\Users\arora\.m2\repository\org\springframework\boot\spring-boot-starter-aop\2.7.5\spring-boot-starter-aop-2.7.5.jar;C:\Users\arora\.m2\repository\org\aspectj\aspectjweaver\1.9.7\aspectjweaver-1.9.7.jar;C:\Users\arora\.m2\repository\org\springframework\boot\spring-boot-starter-jdbc\2.7.5\spring-boot-starter-jdbc-2.7.5.jar;C:\Users\arora\.m2\repository\com\zaxxer\HikariCP\4.0.3\HikariCP-4.0.3.jar;C:\Users\arora\.m2\repository\org\springframework\spring-jdbc\5.3.23\spring-jdbc-5.3.23.jar;C:\Users\arora\.m2\repository\jakarta\transaction\jakarta.transaction-api\1.3.3\jakarta.transaction-api-1.3.3.jar;C:\Users\arora\.m2\repository\jakarta\persistence\jakarta.persistence-api\2.2.3\jakarta.persistence-api-2.2.3.jar;C:\Users\arora\.m2\repository\org\hibernate\hibernate-core\5.6.12.Final\hibernate-core-5.6.12.Final.jar;C:\Users\arora\.m2\repository\org\jboss\logging\jboss-logging\3.4.3.Final\jboss-logging-3.4.3.Final.jar;C:\Users\arora\.m2\repository\net\bytebuddy\byte-buddy\1.12.18\byte-buddy-1.12.18.jar;C:\Users\arora\.m2\repository\antlr\antlr\2.7.7\antlr-2.7.7.jar;C:\Users\arora\.m2\repository\org\jboss\jandex\2.4.2.Final\jandex-2.4.2.Final.jar;C:\Users\arora\.m2\repository\com\fasterxml\classmate\1.5.1\classmate-1.5.1.jar;C:\Users\arora\.m2\repository\org\hibernate\common\hibernate-commons-annotations\5.1.2.Final\hibernate-commons-annotations-5.1.2.Final.jar;C:\Users\arora\.m2\repository\org\glassfish\jaxb\jaxb-runtime\2.3.7\jaxb-runtime-2.3.7.jar;C:\Users\arora\.m2\repository\org\glassfish\jaxb\txw2\2.3.7\txw2-2.3.7.jar;C:\Users\arora\.m2\repository\com\sun\istack\istack-commons-runtime\3.0.12\istack-commons-runtime-3.0.12.jar;C:\Users\arora\.m2\repository\com\sun\activation\jakarta.activation\1.2.2\jakarta.activation-1.2.2.jar;C:\Users\arora\.m2\repository\org\springframework\data\spring-data-jpa\2.7.5\spring-data-jpa-2.7.5.jar;C:\Users\arora\.m2\repository\org\springframework\data\spring-data-commons\2.7.5\spring-data-commons-2.7.5.jar;C:\Users\arora\.m2\repository\org\springframework\spring-orm\5.3.23\spring-orm-5.3.23.jar;C:\Users\arora\.m2\repository\org\springframework\spring-tx\5.3.23\spring-tx-5.3.23.jar;C:\Users\arora\.m2\repository\org\springframework\spring-aspects\5.3.23\spring-aspects-5.3.23.jar;C:\Users\arora\.m2\repository\org\springframework\boot\spring-boot-starter-websocket\2.7.5\spring-boot-starter-websocket-2.7.5.jar;C:\Users\arora\.m2\repository\org\springframework\spring-messaging\5.3.23\spring-messaging-5.3.23.jar;C:\Users\arora\.m2\repository\org\springframework\spring-websocket\5.3.23\spring-websocket-5.3.23.jar;C:\Users\arora\.m2\repository\org\springframework\boot\spring-boot-starter-cache\2.7.5\spring-boot-starter-cache-2.7.5.jar;C:\Users\arora\.m2\repository\org\springframework\spring-context-support\5.3.23\spring-context-support-5.3.23.jar;C:\Users\arora\.m2\repository\org\springframework\boot\spring-boot-devtools\2.7.5\spring-boot-devtools-2.7.5.jar;C:\Users\arora\.m2\repository\org\springframework\boot\spring-boot\2.7.5\spring-boot-2.7.5.jar;C:\Users\arora\.m2\repository\org\springframework\boot\spring-boot-autoconfigure\2.7.5\spring-boot-autoconfigure-2.7.5.jar;C:\Users\arora\.m2\repository\org\postgresql\postgresql\42.3.7\postgresql-42.3.7.jar;C:\Users\arora\.m2\repository\org\checkerframework\checker-qual\3.5.0\checker-qual-3.5.0.jar;C:\Users\arora\.m2\repository\org\projectlombok\lombok\1.18.24\lombok-1.18.24.jar;C:\Users\arora\.m2\repository\software\amazon\awssdk\ec2\2.20.0\ec2-2.20.0.jar;C:\Users\arora\.m2\repository\software\amazon\awssdk\aws-query-protocol\2.20.0\aws-query-protocol-2.20.0.jar;C:\Users\arora\.m2\repository\software\amazon\awssdk\protocol-core\2.20.0\protocol-core-2.20.0.jar;C:\Users\arora\.m2\repository\software\amazon\awssdk\sdk-core\2.20.0\sdk-core-2.20.0.jar;C:\Users\arora\.m2\repository\org\reactivestreams\reactive-streams\1.0.4\reactive-streams-1.0.4.jar;C:\Users\arora\.m2\repository\software\amazon\awssdk\auth\2.20.0\auth-2.20.0.jar;C:\Users\arora\.m2\repository\software\amazon\eventstream\eventstream\1.0.1\eventstream-1.0.1.jar;C:\Users\arora\.m2\repository\software\amazon\awssdk\http-client-spi\2.20.0\http-client-spi-2.20.0.jar;C:\Users\arora\.m2\repository\software\amazon\awssdk\regions\2.20.0\regions-2.20.0.jar;C:\Users\arora\.m2\repository\software\amazon\awssdk\annotations\2.20.0\annotations-2.20.0.jar;C:\Users\arora\.m2\repository\software\amazon\awssdk\utils\2.20.0\utils-2.20.0.jar;C:\Users\arora\.m2\repository\software\amazon\awssdk\aws-core\2.20.0\aws-core-2.20.0.jar;C:\Users\arora\.m2\repository\software\amazon\awssdk\metrics-spi\2.20.0\metrics-spi-2.20.0.jar;C:\Users\arora\.m2\repository\software\amazon\awssdk\json-utils\2.20.0\json-utils-2.20.0.jar;C:\Users\arora\.m2\repository\software\amazon\awssdk\third-party-jackson-core\2.20.0\third-party-jackson-core-2.20.0.jar;C:\Users\arora\.m2\repository\software\amazon\awssdk\endpoints-spi\2.20.0\endpoints-spi-2.20.0.jar;C:\Users\arora\.m2\repository\software\amazon\awssdk\apache-client\2.20.0\apache-client-2.20.0.jar;C:\Users\arora\.m2\repository\software\amazon\awssdk\netty-nio-client\2.20.0\netty-nio-client-2.20.0.jar;C:\Users\arora\.m2\repository\io\netty\netty-codec-http\4.1.84.Final\netty-codec-http-4.1.84.Final.jar;C:\Users\arora\.m2\repository\io\netty\netty-codec-http2\4.1.84.Final\netty-codec-http2-4.1.84.Final.jar;C:\Users\arora\.m2\repository\io\netty\netty-codec\4.1.84.Final\netty-codec-4.1.84.Final.jar;C:\Users\arora\.m2\repository\io\netty\netty-transport\4.1.84.Final\netty-transport-4.1.84.Final.jar;C:\Users\arora\.m2\repository\io\netty\netty-resolver\4.1.84.Final\netty-resolver-4.1.84.Final.jar;C:\Users\arora\.m2\repository\io\netty\netty-handler\4.1.84.Final\netty-handler-4.1.84.Final.jar;C:\Users\arora\.m2\repository\io\netty\netty-transport-native-unix-common\4.1.84.Final\netty-transport-native-unix-common-4.1.84.Final.jar;C:\Users\arora\.m2\repository\io\netty\netty-transport-classes-epoll\4.1.84.Final\netty-transport-classes-epoll-4.1.84.Final.jar;C:\Users\arora\.m2\repository\software\amazon\awssdk\servicequotas\2.20.0\servicequotas-2.20.0.jar;C:\Users\arora\.m2\repository\software\amazon\awssdk\aws-json-protocol\2.20.0\aws-json-protocol-2.20.0.jar;C:\Users\arora\.m2\repository\software\amazon\awssdk\costexplorer\2.20.0\costexplorer-2.20.0.jar;C:\Users\arora\.m2\repository\software\amazon\awssdk\iam\2.20.0\iam-2.20.0.jar;C:\Users\arora\.m2\repository\software\amazon\awssdk\cloudwatch\2.20.0\cloudwatch-2.20.0.jar;C:\Users\arora\.m2\repository\software\amazon\awssdk\ecs\2.20.0\ecs-2.20.0.jar;C:\Users\arora\.m2\repository\software\amazon\awssdk\eks\2.20.0\eks-2.20.0.jar;C:\Users\arora\.m2\repository\software\amazon\awssdk\lambda\2.20.0\lambda-2.20.0.jar;C:\Users\arora\.m2\repository\software\amazon\awssdk\computeoptimizer\2.20.0\computeoptimizer-2.20.0.jar;C:\Users\arora\.m2\repository\software\amazon\awssdk\pricing\2.20.0\pricing-2.20.0.jar;C:\Users\arora\.m2\repository\software\amazon\awssdk\rds\2.20.0\rds-2.20.0.jar;C:\Users\arora\.m2\repository\software\amazon\awssdk\profiles\2.20.0\profiles-2.20.0.jar;C:\Users\arora\.m2\repository\software\amazon\awssdk\s3\2.20.0\s3-2.20.0.jar;C:\Users\arora\.m2\repository\software\amazon\awssdk\aws-xml-protocol\2.20.0\aws-xml-protocol-2.20.0.jar;C:\Users\arora\.m2\repository\software\amazon\awssdk\arns\2.20.0\arns-2.20.0.jar;C:\Users\arora\.m2\repository\software\amazon\awssdk\elasticloadbalancingv2\2.20.0\elasticloadbalancingv2-2.20.0.jar;C:\Users\arora\.m2\repository\software\amazon\awssdk\autoscaling\2.20.0\autoscaling-2.20.0.jar;C:\Users\arora\.m2\repository\software\amazon\awssdk\elasticache\2.20.0\elasticache-2.20.0.jar;C:\Users\arora\.m2\repository\software\amazon\awssdk\dynamodb\2.20.0\dynamodb-2.20.0.jar;C:\Users\arora\.m2\repository\software\amazon\awssdk\ecr\2.20.0\ecr-2.20.0.jar;C:\Users\arora\.m2\repository\software\amazon\awssdk\route53\2.20.0\route53-2.20.0.jar;C:\Users\arora\.m2\repository\software\amazon\awssdk\cloudwatchlogs\2.20.0\cloudwatchlogs-2.20.0.jar;C:\Users\arora\.m2\repository\software\amazon\awssdk\sns\2.20.0\sns-2.20.0.jar;C:\Users\arora\.m2\repository\software\amazon\awssdk\sqs\2.20.0\sqs-2.20.0.jar;C:\Users\arora\.m2\repository\software\amazon\awssdk\cloudtrail\2.20.0\cloudtrail-2.20.0.jar;C:\Users\arora\.m2\repository\software\amazon\awssdk\acm\2.20.0\acm-2.20.0.jar;C:\Users\arora\.m2\repository\software\amazon\awssdk\budgets\2.20.0\budgets-2.20.0.jar;C:\Users\arora\.m2\repository\software\amazon\awssdk\sts\2.20.0\sts-2.20.0.jar;C:\Users\arora\.m2\repository\software\amazon\awssdk\cloudformation\2.20.0\cloudformation-2.20.0.jar;C:\Users\arora\.m2\repository\software\amazon\awssdk\kms\2.20.0\kms-2.20.0.jar;C:\Users\arora\.m2\repository\com\google\cloud\google-cloud-storage\2.35.0\google-cloud-storage-2.35.0.jar;C:\Users\arora\.m2\repository\com\google\guava\guava\32.1.3-jre\guava-32.1.3-jre.jar;C:\Users\arora\.m2\repository\com\google\guava\failureaccess\1.0.1\failureaccess-1.0.1.jar;C:\Users\arora\.m2\repository\com\google\guava\listenablefuture\9999.0-empty-to-avoid-conflict-with-guava\listenablefuture-9999.0-empty-to-avoid-conflict-with-guava.jar;C:\Users\arora\.m2\repository\com\google\errorprone\error_prone_annotations\2.24.1\error_prone_annotations-2.24.1.jar;C:\Users\arora\.m2\repository\com\google\j2objc\j2objc-annotations\2.8\j2objc-annotations-2.8.jar;C:\Users\arora\.m2\repository\com\google\http-client\google-http-client\1.44.1\google-http-client-1.44.1.jar;C:\Users\arora\.m2\repository\io\grpc\grpc-context\1.62.2\grpc-context-1.62.2.jar;C:\Users\arora\.m2\repository\io\opencensus\opencensus-contrib-http-util\0.31.1\opencensus-contrib-http-util-0.31.1.jar;C:\Users\arora\.m2\repository\com\google\http-client\google-http-client-jackson2\1.44.1\google-http-client-jackson2-1.44.1.jar;C:\Users\arora\.m2\repository\com\google\http-client\google-http-client-gson\1.44.1\google-http-client-gson-1.44.1.jar;C:\Users\arora\.m2\repository\com\google\api-client\google-api-client\2.3.0\google-api-client-2.3.0.jar;C:\Users\arora\.m2\repository\commons-codec\commons-codec\1.15\commons-codec-1.15.jar;C:\Users\arora\.m2\repository\com\google\oauth-client\google-oauth-client\1.35.0\google-oauth-client-1.35.0.jar;C:\Users\arora\.m2\repository\com\google\http-client\google-http-client-apache-v2\1.44.1\google-http-client-apache-v2-1.44.1.jar;C:\Users\arora\.m2\repository\com\google\apis\google-api-services-storage\v1-rev20240209-2.0.0\google-api-services-storage-v1-rev20240209-2.0.0.jar;C:\Users\arora\.m2\repository\com\google\code\gson\gson\2.9.1\gson-2.9.1.jar;C:\Users\arora\.m2\repository\com\google\cloud\google-cloud-core\2.35.0\google-cloud-core-2.35.0.jar;C:\Users\arora\.m2\repository\com\google\auto\value\auto-value-annotations\1.10.4\auto-value-annotations-1.10.4.jar;C:\Users\arora\.m2\repository\com\google\cloud\google-cloud-core-http\2.35.0\google-cloud-core-http-2.35.0.jar;C:\Users\arora\.m2\repository\com\google\http-client\google-http-client-appengine\1.44.1\google-http-client-appengine-1.44.1.jar;C:\Users\arora\.m2\repository\com\google\api\gax-httpjson\2.45.0\gax-httpjson-2.45.0.jar;C:\Users\arora\.m2\repository\com\google\cloud\google-cloud-core-grpc\2.35.0\google-cloud-core-grpc-2.35.0.jar;C:\Users\arora\.m2\repository\com\google\api\gax\2.45.0\gax-2.45.0.jar;C:\Users\arora\.m2\repository\com\google\api\gax-grpc\2.45.0\gax-grpc-2.45.0.jar;C:\Users\arora\.m2\repository\io\grpc\grpc-inprocess\1.62.2\grpc-inprocess-1.62.2.jar;C:\Users\arora\.m2\repository\io\grpc\grpc-alts\1.62.2\grpc-alts-1.62.2.jar;C:\Users\arora\.m2\repository\io\grpc\grpc-grpclb\1.62.2\grpc-grpclb-1.62.2.jar;C:\Users\arora\.m2\repository\org\conscrypt\conscrypt-openjdk-uber\2.5.2\conscrypt-openjdk-uber-2.5.2.jar;C:\Users\arora\.m2\repository\io\grpc\grpc-auth\1.62.2\grpc-auth-1.62.2.jar;C:\Users\arora\.m2\repository\io\grpc\grpc-protobuf\1.62.2\grpc-protobuf-1.62.2.jar;C:\Users\arora\.m2\repository\io\grpc\grpc-protobuf-lite\1.62.2\grpc-protobuf-lite-1.62.2.jar;C:\Users\arora\.m2\repository\com\google\auth\google-auth-library-credentials\1.23.0\google-auth-library-credentials-1.23.0.jar;C:\Users\arora\.m2\repository\com\google\api\api-common\2.28.0\api-common-2.28.0.jar;C:\Users\arora\.m2\repository\javax\annotation\javax.annotation-api\1.3.2\javax.annotation-api-1.3.2.jar;C:\Users\arora\.m2\repository\io\opencensus\opencensus-api\0.31.1\opencensus-api-0.31.1.jar;C:\Users\arora\.m2\repository\com\google\api\grpc\proto-google-iam-v1\1.31.0\proto-google-iam-v1-1.31.0.jar;C:\Users\arora\.m2\repository\com\google\protobuf\protobuf-java\3.25.2\protobuf-java-3.25.2.jar;C:\Users\arora\.m2\repository\com\google\protobuf\protobuf-java-util\3.25.2\protobuf-java-util-3.25.2.jar;C:\Users\arora\.m2\repository\com\google\api\grpc\proto-google-common-protos\2.36.0\proto-google-common-protos-2.36.0.jar;C:\Users\arora\.m2\repository\org\threeten\threetenbp\1.6.8\threetenbp-1.6.8.jar;C:\Users\arora\.m2\repository\com\google\api\grpc\proto-google-cloud-storage-v2\2.35.0-alpha\proto-google-cloud-storage-v2-2.35.0-alpha.jar;C:\Users\arora\.m2\repository\com\google\api\grpc\grpc-google-cloud-storage-v2\2.35.0-alpha\grpc-google-cloud-storage-v2-2.35.0-alpha.jar;C:\Users\arora\.m2\repository\com\google\api\grpc\gapic-google-cloud-storage-v2\2.35.0-alpha\gapic-google-cloud-storage-v2-2.35.0-alpha.jar;C:\Users\arora\.m2\repository\com\fasterxml\jackson\core\jackson-core\2.13.4\jackson-core-2.13.4.jar;C:\Users\arora\.m2\repository\com\google\code\findbugs\jsr305\3.0.2\jsr305-3.0.2.jar;C:\Users\arora\.m2\repository\io\grpc\grpc-api\1.62.2\grpc-api-1.62.2.jar;C:\Users\arora\.m2\repository\io\grpc\grpc-netty-shaded\1.62.2\grpc-netty-shaded-1.62.2.jar;C:\Users\arora\.m2\repository\io\grpc\grpc-util\1.62.2\grpc-util-1.62.2.jar;C:\Users\arora\.m2\repository\org\codehaus\mojo\animal-sniffer-annotations\1.23\animal-sniffer-annotations-1.23.jar;C:\Users\arora\.m2\repository\io\grpc\grpc-core\1.62.2\grpc-core-1.62.2.jar;C:\Users\arora\.m2\repository\com\google\android\annotations\4.1.1.4\annotations-4.1.1.4.jar;C:\Users\arora\.m2\repository\io\perfmark\perfmark-api\0.27.0\perfmark-api-0.27.0.jar;C:\Users\arora\.m2\repository\io\grpc\grpc-stub\1.62.2\grpc-stub-1.62.2.jar;C:\Users\arora\.m2\repository\io\grpc\grpc-googleapis\1.62.2\grpc-googleapis-1.62.2.jar;C:\Users\arora\.m2\repository\io\grpc\grpc-xds\1.62.2\grpc-xds-1.62.2.jar;C:\Users\arora\.m2\repository\io\opencensus\opencensus-proto\0.2.0\opencensus-proto-0.2.0.jar;C:\Users\arora\.m2\repository\io\grpc\grpc-services\1.62.2\grpc-services-1.62.2.jar;C:\Users\arora\.m2\repository\com\google\re2j\re2j\1.7\re2j-1.7.jar;C:\Users\arora\.m2\repository\io\grpc\grpc-rls\1.62.2\grpc-rls-1.62.2.jar;C:\Users\arora\.m2\repository\com\google\auth\google-auth-library-oauth2-http\1.23.0\google-auth-library-oauth2-http-1.23.0.jar;C:\Users\arora\.m2\repository\com\google\cloud\google-cloud-compute\1.47.0\google-cloud-compute-1.47.0.jar;C:\Users\arora\.m2\repository\com\google\api\grpc\proto-google-cloud-compute-v1\1.47.0\proto-google-cloud-compute-v1-1.47.0.jar;C:\Users\arora\.m2\repository\org\apache\httpcomponents\httpclient\4.5.13\httpclient-4.5.13.jar;C:\Users\arora\.m2\repository\org\apache\httpcomponents\httpcore\4.4.15\httpcore-4.4.15.jar;C:\Users\arora\.m2\repository\com\google\cloud\google-cloud-billing\2.37.0\google-cloud-billing-2.37.0.jar;C:\Users\arora\.m2\repository\com\google\api\grpc\proto-google-cloud-billing-v1\2.37.0\proto-google-cloud-billing-v1-2.37.0.jar;C:\Users\arora\.m2\repository\com\google\cloud\google-cloud-bigquery\2.38.1\google-cloud-bigquery-2.38.1.jar;C:\Users\arora\.m2\repository\org\checkerframework\checker-compat-qual\2.5.6\checker-compat-qual-2.5.6.jar;C:\Users\arora\.m2\repository\com\google\apis\google-api-services-bigquery\v2-rev20240211-2.0.0\google-api-services-bigquery-v2-rev20240211-2.0.0.jar;C:\Users\arora\.m2\repository\org\threeten\threeten-extra\1.7.2\threeten-extra-1.7.2.jar;C:\Users\arora\.m2\repository\com\google\cloud\google-cloud-bigquerystorage\3.3.1\google-cloud-bigquerystorage-3.3.1.jar;C:\Users\arora\.m2\repository\com\google\auto\value\auto-value\1.10.4\auto-value-1.10.4.jar;C:\Users\arora\.m2\repository\com\google\api\grpc\proto-google-cloud-bigquerystorage-v1beta1\0.175.1\proto-google-cloud-bigquerystorage-v1beta1-0.175.1.jar;C:\Users\arora\.m2\repository\com\google\api\grpc\proto-google-cloud-bigquerystorage-v1beta2\0.175.1\proto-google-cloud-bigquerystorage-v1beta2-0.175.1.jar;C:\Users\arora\.m2\repository\org\json\json\20240303\json-20240303.jar;C:\Users\arora\.m2\repository\com\google\api\grpc\grpc-google-cloud-bigquerystorage-v1beta1\0.175.1\grpc-google-cloud-bigquerystorage-v1beta1-0.175.1.jar;C:\Users\arora\.m2\repository\com\google\api\grpc\grpc-google-cloud-bigquerystorage-v1beta2\0.175.1\grpc-google-cloud-bigquerystorage-v1beta2-0.175.1.jar;C:\Users\arora\.m2\repository\com\google\api\grpc\grpc-google-cloud-bigquerystorage-v1\3.3.1\grpc-google-cloud-bigquerystorage-v1-3.3.1.jar;C:\Users\arora\.m2\repository\com\google\api\grpc\proto-google-cloud-bigquerystorage-v1\3.3.1\proto-google-cloud-bigquerystorage-v1-3.3.1.jar;C:\Users\arora\.m2\repository\org\apache\arrow\arrow-vector\15.0.0\arrow-vector-15.0.0.jar;C:\Users\arora\.m2\repository\org\apache\arrow\arrow-format\15.0.0\arrow-format-15.0.0.jar;C:\Users\arora\.m2\repository\com\fasterxml\jackson\core\jackson-annotations\2.13.4\jackson-annotations-2.13.4.jar;C:\Users\arora\.m2\repository\com\fasterxml\jackson\core\jackson-databind\2.13.4.2\jackson-databind-2.13.4.2.jar;C:\Users\arora\.m2\repository\com\fasterxml\jackson\datatype\jackson-datatype-jsr310\2.13.4\jackson-datatype-jsr310-2.13.4.jar;C:\Users\arora\.m2\repository\com\google\flatbuffers\flatbuffers-java\23.5.26\flatbuffers-java-23.5.26.jar;C:\Users\arora\.m2\repository\org\slf4j\slf4j-api\1.7.36\slf4j-api-1.7.36.jar;C:\Users\arora\.m2\repository\org\eclipse\collections\eclipse-collections\11.1.0\eclipse-collections-11.1.0.jar;C:\Users\arora\.m2\repository\org\eclipse\collections\eclipse-collections-api\11.1.0\eclipse-collections-api-11.1.0.jar;C:\Users\arora\.m2\repository\org\apache\arrow\arrow-memory-core\15.0.0\arrow-memory-core-15.0.0.jar;C:\Users\arora\.m2\repository\org\apache\arrow\arrow-memory-netty\15.0.0\arrow-memory-netty-15.0.0.jar;C:\Users\arora\.m2\repository\io\netty\netty-buffer\4.1.84.Final\netty-buffer-4.1.84.Final.jar;C:\Users\arora\.m2\repository\io\netty\netty-common\4.1.84.Final\netty-common-4.1.84.Final.jar;C:\Users\arora\.m2\repository\com\google\cloud\google-cloud-recommender\2.39.0\google-cloud-recommender-2.39.0.jar;C:\Users\arora\.m2\repository\com\google\api\grpc\proto-google-cloud-recommender-v1\2.39.0\proto-google-cloud-recommender-v1-2.39.0.jar;C:\Users\arora\.m2\repository\com\google\api\grpc\proto-google-cloud-recommender-v1beta1\0.51.0\proto-google-cloud-recommender-v1beta1-0.51.0.jar;C:\Users\arora\.m2\repository\com\google\cloud\google-cloud-monitoring\3.38.0\google-cloud-monitoring-3.38.0.jar;C:\Users\arora\.m2\repository\com\google\api\grpc\proto-google-cloud-monitoring-v3\3.38.0\proto-google-cloud-monitoring-v3-3.38.0.jar;C:\Users\arora\.m2\repository\com\google\cloud\google-cloud-securitycenter\2.45.0\google-cloud-securitycenter-2.45.0.jar;C:\Users\arora\.m2\repository\com\google\api\grpc\proto-google-cloud-securitycenter-v2\2.45.0\proto-google-cloud-securitycenter-v2-2.45.0.jar;C:\Users\arora\.m2\repository\com\google\api\grpc\proto-google-cloud-securitycenter-v1\2.45.0\proto-google-cloud-securitycenter-v1-2.45.0.jar;C:\Users\arora\.m2\repository\com\google\api\grpc\proto-google-cloud-securitycenter-v1beta1\0.140.0\proto-google-cloud-securitycenter-v1beta1-0.140.0.jar;C:\Users\arora\.m2\repository\com\google\api\grpc\proto-google-cloud-securitycenter-v1p1beta1\0.140.0\proto-google-cloud-securitycenter-v1p1beta1-0.140.0.jar;C:\Users\arora\.m2\repository\com\google\cloud\google-cloud-container\2.40.0\google-cloud-container-2.40.0.jar;C:\Users\arora\.m2\repository\com\google\api\grpc\proto-google-cloud-container-v1beta1\2.40.0\proto-google-cloud-container-v1beta1-2.40.0.jar;C:\Users\arora\.m2\repository\com\google\api\grpc\proto-google-cloud-container-v1\2.40.0\proto-google-cloud-container-v1-2.40.0.jar;C:\Users\arora\.m2\repository\com\google\cloud\google-cloud-dns\2.35.0\google-cloud-dns-2.35.0.jar;C:\Users\arora\.m2\repository\com\google\apis\google-api-services-dns\v1-rev20240118-2.0.0\google-api-services-dns-v1-rev20240118-2.0.0.jar;C:\Users\arora\.m2\repository\commons-logging\commons-logging\1.2\commons-logging-1.2.jar;C:\Users\arora\.m2\repository\com\google\cloud\google-cloud-resourcemanager\1.39.0\google-cloud-resourcemanager-1.39.0.jar;C:\Users\arora\.m2\repository\com\google\api\grpc\proto-google-cloud-resourcemanager-v3\1.39.0\proto-google-cloud-resourcemanager-v3-1.39.0.jar;C:\Users\arora\.m2\repository\com\google\apis\google-api-services-cloudresourcemanager\v1-rev20240128-2.0.0\google-api-services-cloudresourcemanager-v1-rev20240128-2.0.0.jar;C:\Users\arora\.m2\repository\com\google\cloud\google-cloud-billingbudgets\2.37.0\google-cloud-billingbudgets-2.37.0.jar;C:\Users\arora\.m2\repository\com\google\api\grpc\proto-google-cloud-billingbudgets-v1beta1\0.46.0\proto-google-cloud-billingbudgets-v1beta1-0.46.0.jar;C:\Users\arora\.m2\repository\com\google\api\grpc\proto-google-cloud-billingbudgets-v1\2.37.0\proto-google-cloud-billingbudgets-v1-2.37.0.jar;C:\Users\arora\.m2\repository\com\google\apis\google-api-services-sqladmin\v1-rev20250807-2.0.0\google-api-services-sqladmin-v1-rev20250807-2.0.0.jar;C:\Users\arora\.m2\repository\io\fabric8\kubernetes-client\6.8.1\kubernetes-client-6.8.1.jar;C:\Users\arora\.m2\repository\io\fabric8\kubernetes-client-api\6.8.1\kubernetes-client-api-6.8.1.jar;C:\Users\arora\.m2\repository\io\fabric8\kubernetes-model-core\5.10.2\kubernetes-model-core-5.10.2.jar;C:\Users\arora\.m2\repository\io\fabric8\kubernetes-model-common\5.10.2\kubernetes-model-common-5.10.2.jar;C:\Users\arora\.m2\repository\io\fabric8\kubernetes-model-gatewayapi\6.8.1\kubernetes-model-gatewayapi-6.8.1.jar;C:\Users\arora\.m2\repository\io\fabric8\kubernetes-model-resource\6.8.1\kubernetes-model-resource-6.8.1.jar;C:\Users\arora\.m2\repository\io\fabric8\kubernetes-model-rbac\5.10.2\kubernetes-model-rbac-5.10.2.jar;C:\Users\arora\.m2\repository\io\fabric8\kubernetes-model-admissionregistration\5.10.2\kubernetes-model-admissionregistration-5.10.2.jar;C:\Users\arora\.m2\repository\io\fabric8\kubernetes-model-apps\5.10.2\kubernetes-model-apps-5.10.2.jar;C:\Users\arora\.m2\repository\io\fabric8\kubernetes-model-autoscaling\5.10.2\kubernetes-model-autoscaling-5.10.2.jar;C:\Users\arora\.m2\repository\io\fabric8\kubernetes-model-apiextensions\5.10.2\kubernetes-model-apiextensions-5.10.2.jar;C:\Users\arora\.m2\repository\io\fabric8\kubernetes-model-batch\5.10.2\kubernetes-model-batch-5.10.2.jar;C:\Users\arora\.m2\repository\io\fabric8\kubernetes-model-certificates\5.10.2\kubernetes-model-certificates-5.10.2.jar;C:\Users\arora\.m2\repository\io\fabric8\kubernetes-model-coordination\5.10.2\kubernetes-model-coordination-5.10.2.jar;C:\Users\arora\.m2\repository\io\fabric8\kubernetes-model-discovery\5.10.2\kubernetes-model-discovery-5.10.2.jar;C:\Users\arora\.m2\repository\io\fabric8\kubernetes-model-events\5.10.2\kubernetes-model-events-5.10.2.jar;C:\Users\arora\.m2\repository\io\fabric8\kubernetes-model-extensions\5.10.2\kubernetes-model-extensions-5.10.2.jar;C:\Users\arora\.m2\repository\io\fabric8\kubernetes-model-flowcontrol\5.10.2\kubernetes-model-flowcontrol-5.10.2.jar;C:\Users\arora\.m2\repository\io\fabric8\kubernetes-model-networking\5.10.2\kubernetes-model-networking-5.10.2.jar;C:\Users\arora\.m2\repository\io\fabric8\kubernetes-model-metrics\5.10.2\kubernetes-model-metrics-5.10.2.jar;C:\Users\arora\.m2\repository\io\fabric8\kubernetes-model-policy\5.10.2\kubernetes-model-policy-5.10.2.jar;C:\Users\arora\.m2\repository\io\fabric8\kubernetes-model-scheduling\5.10.2\kubernetes-model-scheduling-5.10.2.jar;C:\Users\arora\.m2\repository\io\fabric8\kubernetes-model-storageclass\5.10.2\kubernetes-model-storageclass-5.10.2.jar;C:\Users\arora\.m2\repository\io\fabric8\kubernetes-model-node\5.10.2\kubernetes-model-node-5.10.2.jar;C:\Users\arora\.m2\repository\org\snakeyaml\snakeyaml-engine\2.6\snakeyaml-engine-2.6.jar;C:\Users\arora\.m2\repository\com\fasterxml\jackson\dataformat\jackson-dataformat-yaml\2.13.4\jackson-dataformat-yaml-2.13.4.jar;C:\Users\arora\.m2\repository\io\fabric8\kubernetes-httpclient-okhttp\6.8.1\kubernetes-httpclient-okhttp-6.8.1.jar;C:\Users\arora\.m2\repository\com\squareup\okhttp3\okhttp\4.9.3\okhttp-4.9.3.jar;C:\Users\arora\.m2\repository\com\squareup\okio\okio\2.8.0\okio-2.8.0.jar;C:\Users\arora\.m2\repository\org\jetbrains\kotlin\kotlin-stdlib-common\1.6.21\kotlin-stdlib-common-1.6.21.jar;C:\Users\arora\.m2\repository\org\jetbrains\kotlin\kotlin-stdlib\1.6.21\kotlin-stdlib-1.6.21.jar;C:\Users\arora\.m2\repository\org\jetbrains\annotations\13.0\annotations-13.0.jar;C:\Users\arora\.m2\repository\com\squareup\okhttp3\logging-interceptor\4.9.3\logging-interceptor-4.9.3.jar;C:\Users\arora\.m2\repository\org\jetbrains\kotlin\kotlin-stdlib-jdk8\1.6.21\kotlin-stdlib-jdk8-1.6.21.jar;C:\Users\arora\.m2\repository\org\jetbrains\kotlin\kotlin-stdlib-jdk7\1.6.21\kotlin-stdlib-jdk7-1.6.21.jar;C:\Users\arora\.m2\repository\io\fabric8\zjsonpatch\0.3.0\zjsonpatch-0.3.0.jar;C:\Users\arora\.m2\repository\org\apache\poi\poi-ooxml\5.2.3\poi-ooxml-5.2.3.jar;C:\Users\arora\.m2\repository\org\apache\poi\poi\5.2.3\poi-5.2.3.jar;C:\Users\arora\.m2\repository\org\apache\commons\commons-math3\3.6.1\commons-math3-3.6.1.jar;C:\Users\arora\.m2\repository\com\zaxxer\SparseBitSet\1.2\SparseBitSet-1.2.jar;C:\Users\arora\.m2\repository\org\apache\poi\poi-ooxml-lite\5.2.3\poi-ooxml-lite-5.2.3.jar;C:\Users\arora\.m2\repository\org\apache\xmlbeans\xmlbeans\5.1.1\xmlbeans-5.1.1.jar;C:\Users\arora\.m2\repository\org\apache\commons\commons-compress\1.21\commons-compress-1.21.jar;C:\Users\arora\.m2\repository\commons-io\commons-io\2.11.0\commons-io-2.11.0.jar;C:\Users\arora\.m2\repository\com\github\virtuald\curvesapi\1.07\curvesapi-1.07.jar;C:\Users\arora\.m2\repository\org\apache\logging\log4j\log4j-api\2.17.2\log4j-api-2.17.2.jar;C:\Users\arora\.m2\repository\org\apache\commons\commons-collections4\4.4\commons-collections4-4.4.jar;C:\Users\arora\.m2\repository\org\springdoc\springdoc-openapi-ui\1.6.12\springdoc-openapi-ui-1.6.12.jar;C:\Users\arora\.m2\repository\org\springdoc\springdoc-openapi-webmvc-core\1.6.12\springdoc-openapi-webmvc-core-1.6.12.jar;C:\Users\arora\.m2\repository\org\springdoc\springdoc-openapi-common\1.6.12\springdoc-openapi-common-1.6.12.jar;C:\Users\arora\.m2\repository\io\swagger\core\v3\swagger-core\2.2.4\swagger-core-2.2.4.jar;C:\Users\arora\.m2\repository\org\apache\commons\commons-lang3\3.12.0\commons-lang3-3.12.0.jar;C:\Users\arora\.m2\repository\io\swagger\core\v3\swagger-annotations\2.2.4\swagger-annotations-2.2.4.jar;C:\Users\arora\.m2\repository\io\swagger\core\v3\swagger-models\2.2.4\swagger-models-2.2.4.jar;C:\Users\arora\.m2\repository\jakarta\validation\jakarta.validation-api\2.0.2\jakarta.validation-api-2.0.2.jar;C:\Users\arora\.m2\repository\org\webjars\swagger-ui\4.14.3\swagger-ui-4.14.3.jar;C:\Users\arora\.m2\repository\org\webjars\webjars-locator-core\0.50\webjars-locator-core-0.50.jar;C:\Users\arora\.m2\repository\io\github\classgraph\classgraph\4.8.149\classgraph-4.8.149.jar;C:\Users\arora\.m2\repository\com\giffing\bucket4j\spring\boot\starter\bucket4j-spring-boot-starter\0.8.1\bucket4j-spring-boot-starter-0.8.1.jar;C:\Users\arora\.m2\repository\com\giffing\bucket4j\spring\boot\starter\bucket4j-spring-boot-starter-context\0.8.1\bucket4j-spring-boot-starter-context-0.8.1.jar;C:\Users\arora\.m2\repository\javax\validation\validation-api\2.0.1.Final\validation-api-2.0.1.Final.jar;C:\Users\arora\.m2\repository\javax\cache\cache-api\1.1.1\cache-api-1.1.1.jar;C:\Users\arora\.m2\repository\com\bucket4j\bucket4j_jdk8-core\8.1.0\bucket4j_jdk8-core-8.1.0.jar;C:\Users\arora\.m2\repository\com\bucket4j\bucket4j_jdk8-jcache\8.1.0\bucket4j_jdk8-jcache-8.1.0.jar;C:\Users\arora\.m2\repository\org\springframework\boot\spring-boot-starter-test\2.7.5\spring-boot-starter-test-2.7.5.jar;C:\Users\arora\.m2\repository\org\springframework\boot\spring-boot-test\2.7.5\spring-boot-test-2.7.5.jar;C:\Users\arora\.m2\repository\org\springframework\boot\spring-boot-test-autoconfigure\2.7.5\spring-boot-test-autoconfigure-2.7.5.jar;C:\Users\arora\.m2\repository\com\jayway\jsonpath\json-path\2.7.0\json-path-2.7.0.jar;C:\Users\arora\.m2\repository\net\minidev\json-smart\2.4.8\json-smart-2.4.8.jar;C:\Users\arora\.m2\repository\net\minidev\accessors-smart\2.4.8\accessors-smart-2.4.8.jar;C:\Users\arora\.m2\repository\org\ow2\asm\asm\9.1\asm-9.1.jar;C:\Users\arora\.m2\repository\jakarta\xml\bind\jakarta.xml.bind-api\2.3.3\jakarta.xml.bind-api-2.3.3.jar;C:\Users\arora\.m2\repository\jakarta\activation\jakarta.activation-api\1.2.2\jakarta.activation-api-1.2.2.jar;C:\Users\arora\.m2\repository\org\assertj\assertj-core\3.22.0\assertj-core-3.22.0.jar;C:\Users\arora\.m2\repository\org\hamcrest\hamcrest\2.2\hamcrest-2.2.jar;C:\Users\arora\.m2\repository\org\junit\jupiter\junit-jupiter\5.8.2\junit-jupiter-5.8.2.jar;C:\Users\arora\.m2\repository\org\junit\jupiter\junit-jupiter-api\5.8.2\junit-jupiter-api-5.8.2.jar;C:\Users\arora\.m2\repository\org\opentest4j\opentest4j\1.2.0\opentest4j-1.2.0.jar;C:\Users\arora\.m2\repository\org\junit\platform\junit-platform-commons\1.8.2\junit-platform-commons-1.8.2.jar;C:\Users\arora\.m2\repository\org\apiguardian\apiguardian-api\1.1.2\apiguardian-api-1.1.2.jar;C:\Users\arora\.m2\repository\org\junit\jupiter\junit-jupiter-params\5.8.2\junit-jupiter-params-5.8.2.jar;C:\Users\arora\.m2\repository\org\junit\jupiter\junit-jupiter-engine\5.8.2\junit-jupiter-engine-5.8.2.jar;C:\Users\arora\.m2\repository\org\junit\platform\junit-platform-engine\1.8.2\junit-platform-engine-1.8.2.jar;C:\Users\arora\.m2\repository\org\mockito\mockito-core\4.5.1\mockito-core-4.5.1.jar;C:\Users\arora\.m2\repository\net\bytebuddy\byte-buddy-agent\1.12.18\byte-buddy-agent-1.12.18.jar;C:\Users\arora\.m2\repository\org\objenesis\objenesis\3.2\objenesis-3.2.jar;C:\Users\arora\.m2\repository\org\mockito\mockito-junit-jupiter\4.5.1\mockito-junit-jupiter-4.5.1.jar;C:\Users\arora\.m2\repository\org\skyscreamer\jsonassert\1.5.1\jsonassert-1.5.1.jar;C:\Users\arora\.m2\repository\com\vaadin\external\google\android-json\0.0.20131108.vaadin1\android-json-0.0.20131108.vaadin1.jar;C:\Users\arora\.m2\repository\org\springframework\spring-core\5.3.23\spring-core-5.3.23.jar;C:\Users\arora\.m2\repository\org\springframework\spring-jcl\5.3.23\spring-jcl-5.3.23.jar;C:\Users\arora\.m2\repository\org\springframework\spring-test\5.3.23\spring-test-5.3.23.jar;C:\Users\arora\.m2\repository\org\xmlunit\xmlunit-core\2.9.0\xmlunit-core-2.9.0.jar;C:\Users\arora\.m2\repository\com\h2database\h2\2.1.214\h2-2.1.214.jar;"/>
    <property name="java.vm.vendor" value="Eclipse Adoptium"/>
    <property name="sun.arch.data.model" value="64"/>
    <property name="user.variant" value=""/>
    <property name="java.vendor.url" value="https://adoptium.net/"/>
    <property name="user.timezone" value="Asia/Calcutta"/>
    <property name="os.name" value="Windows 11"/>
    <property name="java.vm.specification.version" value="17"/>
    <property name="sun.java.launcher" value="SUN_STANDARD"/>
    <property name="user.country" value="IN"/>
    <property name="sun.boot.library.path" value="C:\Users\arora\AppData\Local\Programs\Eclipse Adoptium\jdk-17.0.11.9-hotspot\bin"/>
    <property name="sun.java.command" value="C:\Users\arora\AppData\Local\Temp\surefire12649877720110250549\surefirebooter16161091228549039705.jar C:\Users\arora\AppData\Local\Temp\surefire12649877720110250549 2025-09-04T12-59-26_631-jvmRun1 surefire9175030281498133359tmp surefire_112308827368374342821tmp"/>
    <property name="jdk.debug" value="release"/>
    <property name="surefire.test.class.path" value="C:\Users\arora\OneDrive\Desktop\XamOps-Platform\XamOps-Platform\xamops-service\target\test-classes;C:\Users\arora\OneDrive\Desktop\XamOps-Platform\XamOps-Platform\xamops-service\target\classes;C:\Users\arora\.m2\repository\org\springframework\cloud\spring-cloud-starter-netflix-eureka-client\3.1.4\spring-cloud-starter-netflix-eureka-client-3.1.4.jar;C:\Users\arora\.m2\repository\org\springframework\cloud\spring-cloud-starter\3.1.5\spring-cloud-starter-3.1.5.jar;C:\Users\arora\.m2\repository\org\springframework\cloud\spring-cloud-context\3.1.5\spring-cloud-context-3.1.5.jar;C:\Users\arora\.m2\repository\org\springframework\security\spring-security-crypto\5.7.4\spring-security-crypto-5.7.4.jar;C:\Users\arora\.m2\repository\org\springframework\cloud\spring-cloud-commons\3.1.5\spring-cloud-commons-3.1.5.jar;C:\Users\arora\.m2\repository\org\springframework\security\spring-security-rsa\1.0.11.RELEASE\spring-security-rsa-1.0.11.RELEASE.jar;C:\Users\arora\.m2\repository\org\bouncycastle\bcpkix-jdk15on\1.69\bcpkix-jdk15on-1.69.jar;C:\Users\arora\.m2\repository\org\bouncycastle\bcprov-jdk15on\1.69\bcprov-jdk15on-1.69.jar;C:\Users\arora\.m2\repository\org\bouncycastle\bcutil-jdk15on\1.69\bcutil-jdk15on-1.69.jar;C:\Users\arora\.m2\repository\org\springframework\cloud\spring-cloud-netflix-eureka-client\3.1.4\spring-cloud-netflix-eureka-client-3.1.4.jar;C:\Users\arora\.m2\repository\com\netflix\eureka\eureka-client\1.10.17\eureka-client-1.10.17.jar;C:\Users\arora\.m2\repository\com\netflix\netflix-commons\netflix-eventbus\0.3.0\netflix-eventbus-0.3.0.jar;C:\Users\arora\.m2\repository\com\netflix\netflix-commons\netflix-infix\0.3.0\netflix-infix-0.3.0.jar;C:\Users\arora\.m2\repository\commons-jxpath\commons-jxpath\1.3\commons-jxpath-1.3.jar;C:\Users\arora\.m2\repository\joda-time\joda-time\2.3\joda-time-2.3.jar;C:\Users\arora\.m2\repository\org\antlr\antlr-runtime\3.4\antlr-runtime-3.4.jar;C:\Users\arora\.m2\repository\org\antlr\stringtemplate\3.2.1\stringtemplate-3.2.1.jar;C:\Users\arora\.m2\repository\org\apache\commons\commons-math\2.2\commons-math-2.2.jar;C:\Users\arora\.m2\repository\com\thoughtworks\xstream\xstream\1.4.18\xstream-1.4.18.jar;C:\Users\arora\.m2\repository\io\github\x-stream\mxparser\1.2.2\mxparser-1.2.2.jar;C:\Users\arora\.m2\repository\xmlpull\xmlpull\1.1.3.1\xmlpull-1.1.3.1.jar;C:\Users\arora\.m2\repository\javax\ws\rs\jsr311-api\1.1.1\jsr311-api-1.1.1.jar;C:\Users\arora\.m2\repository\com\netflix\servo\servo-core\0.12.21\servo-core-0.12.21.jar;C:\Users\arora\.m2\repository\commons-configuration\commons-configuration\1.10\commons-configuration-1.10.jar;C:\Users\arora\.m2\repository\commons-lang\commons-lang\2.6\commons-lang-2.6.jar;C:\Users\arora\.m2\repository\com\google\inject\guice\4.1.0\guice-4.1.0.jar;C:\Users\arora\.m2\repository\javax\inject\javax.inject\1\javax.inject-1.jar;C:\Users\arora\.m2\repository\org\codehaus\jettison\jettison\1.4.0\jettison-1.4.0.jar;C:\Users\arora\.m2\repository\com\netflix\eureka\eureka-core\1.10.17\eureka-core-1.10.17.jar;C:\Users\arora\.m2\repository\com\fasterxml\woodstox\woodstox-core\6.2.1\woodstox-core-6.2.1.jar;C:\Users\arora\.m2\repository\org\codehaus\woodstox\stax2-api\4.2.1\stax2-api-4.2.1.jar;C:\Users\arora\.m2\repository\org\springframework\cloud\spring-cloud-starter-loadbalancer\3.1.5\spring-cloud-starter-loadbalancer-3.1.5.jar;C:\Users\arora\.m2\repository\org\springframework\cloud\spring-cloud-loadbalancer\3.1.5\spring-cloud-loadbalancer-3.1.5.jar;C:\Users\arora\.m2\repository\io\projectreactor\reactor-core\3.4.24\reactor-core-3.4.24.jar;C:\Users\arora\.m2\repository\io\projectreactor\addons\reactor-extra\3.4.8\reactor-extra-3.4.8.jar;C:\Users\arora\.m2\repository\com\stoyanr\evictor\1.0.0\evictor-1.0.0.jar;C:\Users\arora\.m2\repository\org\springframework\boot\spring-boot-starter-web\2.7.5\spring-boot-starter-web-2.7.5.jar;C:\Users\arora\.m2\repository\org\springframework\boot\spring-boot-starter\2.7.5\spring-boot-starter-2.7.5.jar;C:\Users\arora\.m2\repository\org\springframework\boot\spring-boot-starter-logging\2.7.5\spring-boot-starter-logging-2.7.5.jar;C:\Users\arora\.m2\repository\ch\qos\logback\logback-classic\1.2.11\logback-classic-1.2.11.jar;C:\Users\arora\.m2\repository\ch\qos\logback\logback-core\1.2.11\logback-core-1.2.11.jar;C:\Users\arora\.m2\repository\org\apache\logging\log4j\log4j-to-slf4j\2.17.2\log4j-to-slf4j-2.17.2.jar;C:\Users\arora\.m2\repository\org\slf4j\jul-to-slf4j\1.7.36\jul-to-slf4j-1.7.36.jar;C:\Users\arora\.m2\repository\jakarta\annotation\jakarta.annotation-api\1.3.5\jakarta.annotation-api-1.3.5.jar;C:\Users\arora\.m2\repository\org\yaml\snakeyaml\1.30\snakeyaml-1.30.jar;C:\Users\arora\.m2\repository\org\springframework\boot\spring-boot-starter-json\2.7.5\spring-boot-starter-json-2.7.5.jar;C:\Users\arora\.m2\repository\com\fasterxml\jackson\datatype\jackson-datatype-jdk8\2.13.4\jackson-datatype-jdk8-2.13.4.jar;C:\Users\arora\.m2\repository\com\fasterxml\jackson\module\jackson-module-parameter-names\2.13.4\jackson-module-parameter-names-2.13.4.jar;C:\Users\arora\.m2\repository\org\springframework\boot\spring-boot-starter-tomcat\2.7.5\spring-boot-starter-tomcat-2.7.5.jar;C:\Users\arora\.m2\repository\org\apache\tomcat\embed\tomcat-embed-core\9.0.68\tomcat-embed-core-9.0.68.jar;C:\Users\arora\.m2\repository\org\apache\tomcat\embed\tomcat-embed-el\9.0.68\tomcat-embed-el-9.0.68.jar;C:\Users\arora\.m2\repository\org\apache\tomcat\embed\tomcat-embed-websocket\9.0.68\tomcat-embed-websocket-9.0.68.jar;C:\Users\arora\.m2\repository\org\springframework\spring-web\5.3.23\spring-web-5.3.23.jar;C:\Users\arora\.m2\repository\org\springframework\spring-beans\5.3.23\spring-beans-5.3.23.jar;C:\Users\arora\.m2\repository\org\springframework\spring-webmvc\5.3.23\spring-webmvc-5.3.23.jar;C:\Users\arora\.m2\repository\org\springframework\spring-context\5.3.23\spring-context-5.3.23.jar;C:\Users\arora\.m2\repository\org\springframework\spring-expression\5.3.23\spring-expression-5.3.23.jar;C:\Users\arora\.m2\repository\org\springframework\boot\spring-boot-starter-security\2.7.5\spring-boot-starter-security-2.7.5.jar;C:\Users\arora\.m2\repository\org\springframework\spring-aop\5.3.23\spring-aop-5.3.23.jar;C:\Users\arora\.m2\repository\org\springframework\security\spring-security-config\5.7.4\spring-security-config-5.7.4.jar;C:\Users\arora\.m2\repository\org\springframework\security\spring-security-core\5.7.4\spring-security-core-5.7.4.jar;C:\Users\arora\.m2\repository\org\springframework\security\spring-security-web\5.7.4\spring-security-web-5.7.4.jar;C:\Users\arora\.m2\repository\org\springframework\boot\spring-boot-starter-data-jpa\2.7.5\spring-boot-starter-data-jpa-2.7.5.jar;C:\Users\arora\.m2\repository\org\springframework\boot\spring-boot-starter-aop\2.7.5\spring-boot-starter-aop-2.7.5.jar;C:\Users\arora\.m2\repository\org\aspectj\aspectjweaver\1.9.7\aspectjweaver-1.9.7.jar;C:\Users\arora\.m2\repository\org\springframework\boot\spring-boot-starter-jdbc\2.7.5\spring-boot-starter-jdbc-2.7.5.jar;C:\Users\arora\.m2\repository\com\zaxxer\HikariCP\4.0.3\HikariCP-4.0.3.jar;C:\Users\arora\.m2\repository\org\springframework\spring-jdbc\5.3.23\spring-jdbc-5.3.23.jar;C:\Users\arora\.m2\repository\jakarta\transaction\jakarta.transaction-api\1.3.3\jakarta.transaction-api-1.3.3.jar;C:\Users\arora\.m2\repository\jakarta\persistence\jakarta.persistence-api\2.2.3\jakarta.persistence-api-2.2.3.jar;C:\Users\arora\.m2\repository\org\hibernate\hibernate-core\5.6.12.Final\hibernate-core-5.6.12.Final.jar;C:\Users\arora\.m2\repository\org\jboss\logging\jboss-logging\3.4.3.Final\jboss-logging-3.4.3.Final.jar;C:\Users\arora\.m2\repository\net\bytebuddy\byte-buddy\1.12.18\byte-buddy-1.12.18.jar;C:\Users\arora\.m2\repository\antlr\antlr\2.7.7\antlr-2.7.7.jar;C:\Users\arora\.m2\repository\org\jboss\jandex\2.4.2.Final\jandex-2.4.2.Final.jar;C:\Users\arora\.m2\repository\com\fasterxml\classmate\1.5.1\classmate-1.5.1.jar;C:\Users\arora\.m2\repository\org\hibernate\common\hibernate-commons-annotations\5.1.2.Final\hibernate-commons-annotations-5.1.2.Final.jar;C:\Users\arora\.m2\repository\org\glassfish\jaxb\jaxb-runtime\2.3.7\jaxb-runtime-2.3.7.jar;C:\Users\arora\.m2\repository\org\glassfish\jaxb\txw2\2.3.7\txw2-2.3.7.jar;C:\Users\arora\.m2\repository\com\sun\istack\istack-commons-runtime\3.0.12\istack-commons-runtime-3.0.12.jar;C:\Users\arora\.m2\repository\com\sun\activation\jakarta.activation\1.2.2\jakarta.activation-1.2.2.jar;C:\Users\arora\.m2\repository\org\springframework\data\spring-data-jpa\2.7.5\spring-data-jpa-2.7.5.jar;C:\Users\arora\.m2\repository\org\springframework\data\spring-data-commons\2.7.5\spring-data-commons-2.7.5.jar;C:\Users\arora\.m2\repository\org\springframework\spring-orm\5.3.23\spring-orm-5.3.23.jar;C:\Users\arora\.m2\repository\org\springframework\spring-tx\5.3.23\spring-tx-5.3.23.jar;C:\Users\arora\.m2\repository\org\springframework\spring-aspects\5.3.23\spring-aspects-5.3.23.jar;C:\Users\arora\.m2\repository\org\springframework\boot\spring-boot-starter-websocket\2.7.5\spring-boot-starter-websocket-2.7.5.jar;C:\Users\arora\.m2\repository\org\springframework\spring-messaging\5.3.23\spring-messaging-5.3.23.jar;C:\Users\arora\.m2\repository\org\springframework\spring-websocket\5.3.23\spring-websocket-5.3.23.jar;C:\Users\arora\.m2\repository\org\springframework\boot\spring-boot-starter-cache\2.7.5\spring-boot-starter-cache-2.7.5.jar;C:\Users\arora\.m2\repository\org\springframework\spring-context-support\5.3.23\spring-context-support-5.3.23.jar;C:\Users\arora\.m2\repository\org\springframework\boot\spring-boot-devtools\2.7.5\spring-boot-devtools-2.7.5.jar;C:\Users\arora\.m2\repository\org\springframework\boot\spring-boot\2.7.5\spring-boot-2.7.5.jar;C:\Users\arora\.m2\repository\org\springframework\boot\spring-boot-autoconfigure\2.7.5\spring-boot-autoconfigure-2.7.5.jar;C:\Users\arora\.m2\repository\org\postgresql\postgresql\42.3.7\postgresql-42.3.7.jar;C:\Users\arora\.m2\repository\org\checkerframework\checker-qual\3.5.0\checker-qual-3.5.0.jar;C:\Users\arora\.m2\repository\org\projectlombok\lombok\1.18.24\lombok-1.18.24.jar;C:\Users\arora\.m2\repository\software\amazon\awssdk\ec2\2.20.0\ec2-2.20.0.jar;C:\Users\arora\.m2\repository\software\amazon\awssdk\aws-query-protocol\2.20.0\aws-query-protocol-2.20.0.jar;C:\Users\arora\.m2\repository\software\amazon\awssdk\protocol-core\2.20.0\protocol-core-2.20.0.jar;C:\Users\arora\.m2\repository\software\amazon\awssdk\sdk-core\2.20.0\sdk-core-2.20.0.jar;C:\Users\arora\.m2\repository\org\reactivestreams\reactive-streams\1.0.4\reactive-streams-1.0.4.jar;C:\Users\arora\.m2\repository\software\amazon\awssdk\auth\2.20.0\auth-2.20.0.jar;C:\Users\arora\.m2\repository\software\amazon\eventstream\eventstream\1.0.1\eventstream-1.0.1.jar;C:\Users\arora\.m2\repository\software\amazon\awssdk\http-client-spi\2.20.0\http-client-spi-2.20.0.jar;C:\Users\arora\.m2\repository\software\amazon\awssdk\regions\2.20.0\regions-2.20.0.jar;C:\Users\arora\.m2\repository\software\amazon\awssdk\annotations\2.20.0\annotations-2.20.0.jar;C:\Users\arora\.m2\repository\software\amazon\awssdk\utils\2.20.0\utils-2.20.0.jar;C:\Users\arora\.m2\repository\software\amazon\awssdk\aws-core\2.20.0\aws-core-2.20.0.jar;C:\Users\arora\.m2\repository\software\amazon\awssdk\metrics-spi\2.20.0\metrics-spi-2.20.0.jar;C:\Users\arora\.m2\repository\software\amazon\awssdk\json-utils\2.20.0\json-utils-2.20.0.jar;C:\Users\arora\.m2\repository\software\amazon\awssdk\third-party-jackson-core\2.20.0\third-party-jackson-core-2.20.0.jar;C:\Users\arora\.m2\repository\software\amazon\awssdk\endpoints-spi\2.20.0\endpoints-spi-2.20.0.jar;C:\Users\arora\.m2\repository\software\amazon\awssdk\apache-client\2.20.0\apache-client-2.20.0.jar;C:\Users\arora\.m2\repository\software\amazon\awssdk\netty-nio-client\2.20.0\netty-nio-client-2.20.0.jar;C:\Users\arora\.m2\repository\io\netty\netty-codec-http\4.1.84.Final\netty-codec-http-4.1.84.Final.jar;C:\Users\arora\.m2\repository\io\netty\netty-codec-http2\4.1.84.Final\netty-codec-http2-4.1.84.Final.jar;C:\Users\arora\.m2\repository\io\netty\netty-codec\4.1.84.Final\netty-codec-4.1.84.Final.jar;C:\Users\arora\.m2\repository\io\netty\netty-transport\4.1.84.Final\netty-transport-4.1.84.Final.jar;C:\Users\arora\.m2\repository\io\netty\netty-resolver\4.1.84.Final\netty-resolver-4.1.84.Final.jar;C:\Users\arora\.m2\repository\io\netty\netty-handler\4.1.84.Final\netty-handler-4.1.84.Final.jar;C:\Users\arora\.m2\repository\io\netty\netty-transport-native-unix-common\4.1.84.Final\netty-transport-native-unix-common-4.1.84.Final.jar;C:\Users\arora\.m2\repository\io\netty\netty-transport-classes-epoll\4.1.84.Final\netty-transport-classes-epoll-4.1.84.Final.jar;C:\Users\arora\.m2\repository\software\amazon\awssdk\servicequotas\2.20.0\servicequotas-2.20.0.jar;C:\Users\arora\.m2\repository\software\amazon\awssdk\aws-json-protocol\2.20.0\aws-json-protocol-2.20.0.jar;C:\Users\arora\.m2\repository\software\amazon\awssdk\costexplorer\2.20.0\costexplorer-2.20.0.jar;C:\Users\arora\.m2\repository\software\amazon\awssdk\iam\2.20.0\iam-2.20.0.jar;C:\Users\arora\.m2\repository\software\amazon\awssdk\cloudwatch\2.20.0\cloudwatch-2.20.0.jar;C:\Users\arora\.m2\repository\software\amazon\awssdk\ecs\2.20.0\ecs-2.20.0.jar;C:\Users\arora\.m2\repository\software\amazon\awssdk\eks\2.20.0\eks-2.20.0.jar;C:\Users\arora\.m2\repository\software\amazon\awssdk\lambda\2.20.0\lambda-2.20.0.jar;C:\Users\arora\.m2\repository\software\amazon\awssdk\computeoptimizer\2.20.0\computeoptimizer-2.20.0.jar;C:\Users\arora\.m2\repository\software\amazon\awssdk\pricing\2.20.0\pricing-2.20.0.jar;C:\Users\arora\.m2\repository\software\amazon\awssdk\rds\2.20.0\rds-2.20.0.jar;C:\Users\arora\.m2\repository\software\amazon\awssdk\profiles\2.20.0\profiles-2.20.0.jar;C:\Users\arora\.m2\repository\software\amazon\awssdk\s3\2.20.0\s3-2.20.0.jar;C:\Users\arora\.m2\repository\software\amazon\awssdk\aws-xml-protocol\2.20.0\aws-xml-protocol-2.20.0.jar;C:\Users\arora\.m2\repository\software\amazon\awssdk\arns\2.20.0\arns-2.20.0.jar;C:\Users\arora\.m2\repository\software\amazon\awssdk\elasticloadbalancingv2\2.20.0\elasticloadbalancingv2-2.20.0.jar;C:\Users\arora\.m2\repository\software\amazon\awssdk\autoscaling\2.20.0\autoscaling-2.20.0.jar;C:\Users\arora\.m2\repository\software\amazon\awssdk\elasticache\2.20.0\elasticache-2.20.0.jar;C:\Users\arora\.m2\repository\software\amazon\awssdk\dynamodb\2.20.0\dynamodb-2.20.0.jar;C:\Users\arora\.m2\repository\software\amazon\awssdk\ecr\2.20.0\ecr-2.20.0.jar;C:\Users\arora\.m2\repository\software\amazon\awssdk\route53\2.20.0\route53-2.20.0.jar;C:\Users\arora\.m2\repository\software\amazon\awssdk\cloudwatchlogs\2.20.0\cloudwatchlogs-2.20.0.jar;C:\Users\arora\.m2\repository\software\amazon\awssdk\sns\2.20.0\sns-2.20.0.jar;C:\Users\arora\.m2\repository\software\amazon\awssdk\sqs\2.20.0\sqs-2.20.0.jar;C:\Users\arora\.m2\repository\software\amazon\awssdk\cloudtrail\2.20.0\cloudtrail-2.20.0.jar;C:\Users\arora\.m2\repository\software\amazon\awssdk\acm\2.20.0\acm-2.20.0.jar;C:\Users\arora\.m2\repository\software\amazon\awssdk\budgets\2.20.0\budgets-2.20.0.jar;C:\Users\arora\.m2\repository\software\amazon\awssdk\sts\2.20.0\sts-2.20.0.jar;C:\Users\arora\.m2\repository\software\amazon\awssdk\cloudformation\2.20.0\cloudformation-2.20.0.jar;C:\Users\arora\.m2\repository\software\amazon\awssdk\kms\2.20.0\kms-2.20.0.jar;C:\Users\arora\.m2\repository\com\google\cloud\google-cloud-storage\2.35.0\google-cloud-storage-2.35.0.jar;C:\Users\arora\.m2\repository\com\google\guava\guava\32.1.3-jre\guava-32.1.3-jre.jar;C:\Users\arora\.m2\repository\com\google\guava\failureaccess\1.0.1\failureaccess-1.0.1.jar;C:\Users\arora\.m2\repository\com\google\guava\listenablefuture\9999.0-empty-to-avoid-conflict-with-guava\listenablefuture-9999.0-empty-to-avoid-conflict-with-guava.jar;C:\Users\arora\.m2\repository\com\google\errorprone\error_prone_annotations\2.24.1\error_prone_annotations-2.24.1.jar;C:\Users\arora\.m2\repository\com\google\j2objc\j2objc-annotations\2.8\j2objc-annotations-2.8.jar;C:\Users\arora\.m2\repository\com\google\http-client\google-http-client\1.44.1\google-http-client-1.44.1.jar;C:\Users\arora\.m2\repository\io\grpc\grpc-context\1.62.2\grpc-context-1.62.2.jar;C:\Users\arora\.m2\repository\io\opencensus\opencensus-contrib-http-util\0.31.1\opencensus-contrib-http-util-0.31.1.jar;C:\Users\arora\.m2\repository\com\google\http-client\google-http-client-jackson2\1.44.1\google-http-client-jackson2-1.44.1.jar;C:\Users\arora\.m2\repository\com\google\http-client\google-http-client-gson\1.44.1\google-http-client-gson-1.44.1.jar;C:\Users\arora\.m2\repository\com\google\api-client\google-api-client\2.3.0\google-api-client-2.3.0.jar;C:\Users\arora\.m2\repository\commons-codec\commons-codec\1.15\commons-codec-1.15.jar;C:\Users\arora\.m2\repository\com\google\oauth-client\google-oauth-client\1.35.0\google-oauth-client-1.35.0.jar;C:\Users\arora\.m2\repository\com\google\http-client\google-http-client-apache-v2\1.44.1\google-http-client-apache-v2-1.44.1.jar;C:\Users\arora\.m2\repository\com\google\apis\google-api-services-storage\v1-rev20240209-2.0.0\google-api-services-storage-v1-rev20240209-2.0.0.jar;C:\Users\arora\.m2\repository\com\google\code\gson\gson\2.9.1\gson-2.9.1.jar;C:\Users\arora\.m2\repository\com\google\cloud\google-cloud-core\2.35.0\google-cloud-core-2.35.0.jar;C:\Users\arora\.m2\repository\com\google\auto\value\auto-value-annotations\1.10.4\auto-value-annotations-1.10.4.jar;C:\Users\arora\.m2\repository\com\google\cloud\google-cloud-core-http\2.35.0\google-cloud-core-http-2.35.0.jar;C:\Users\arora\.m2\repository\com\google\http-client\google-http-client-appengine\1.44.1\google-http-client-appengine-1.44.1.jar;C:\Users\arora\.m2\repository\com\google\api\gax-httpjson\2.45.0\gax-httpjson-2.45.0.jar;C:\Users\arora\.m2\repository\com\google\cloud\google-cloud-core-grpc\2.35.0\google-cloud-core-grpc-2.35.0.jar;C:\Users\arora\.m2\repository\com\google\api\gax\2.45.0\gax-2.45.0.jar;C:\Users\arora\.m2\repository\com\google\api\gax-grpc\2.45.0\gax-grpc-2.45.0.jar;C:\Users\arora\.m2\repository\io\grpc\grpc-inprocess\1.62.2\grpc-inprocess-1.62.2.jar;C:\Users\arora\.m2\repository\io\grpc\grpc-alts\1.62.2\grpc-alts-1.62.2.jar;C:\Users\arora\.m2\repository\io\grpc\grpc-grpclb\1.62.2\grpc-grpclb-1.62.2.jar;C:\Users\arora\.m2\repository\org\conscrypt\conscrypt-openjdk-uber\2.5.2\conscrypt-openjdk-uber-2.5.2.jar;C:\Users\arora\.m2\repository\io\grpc\grpc-auth\1.62.2\grpc-auth-1.62.2.jar;C:\Users\arora\.m2\repository\io\grpc\grpc-protobuf\1.62.2\grpc-protobuf-1.62.2.jar;C:\Users\arora\.m2\repository\io\grpc\grpc-protobuf-lite\1.62.2\grpc-protobuf-lite-1.62.2.jar;C:\Users\arora\.m2\repository\com\google\auth\google-auth-library-credentials\1.23.0\google-auth-library-credentials-1.23.0.jar;C:\Users\arora\.m2\repository\com\google\api\api-common\2.28.0\api-common-2.28.0.jar;C:\Users\arora\.m2\repository\javax\annotation\javax.annotation-api\1.3.2\javax.annotation-api-1.3.2.jar;C:\Users\arora\.m2\repository\io\opencensus\opencensus-api\0.31.1\opencensus-api-0.31.1.jar;C:\Users\arora\.m2\repository\com\google\api\grpc\proto-google-iam-v1\1.31.0\proto-google-iam-v1-1.31.0.jar;C:\Users\arora\.m2\repository\com\google\protobuf\protobuf-java\3.25.2\protobuf-java-3.25.2.jar;C:\Users\arora\.m2\repository\com\google\protobuf\protobuf-java-util\3.25.2\protobuf-java-util-3.25.2.jar;C:\Users\arora\.m2\repository\com\google\api\grpc\proto-google-common-protos\2.36.0\proto-google-common-protos-2.36.0.jar;C:\Users\arora\.m2\repository\org\threeten\threetenbp\1.6.8\threetenbp-1.6.8.jar;C:\Users\arora\.m2\repository\com\google\api\grpc\proto-google-cloud-storage-v2\2.35.0-alpha\proto-google-cloud-storage-v2-2.35.0-alpha.jar;C:\Users\arora\.m2\repository\com\google\api\grpc\grpc-google-cloud-storage-v2\2.35.0-alpha\grpc-google-cloud-storage-v2-2.35.0-alpha.jar;C:\Users\arora\.m2\repository\com\google\api\grpc\gapic-google-cloud-storage-v2\2.35.0-alpha\gapic-google-cloud-storage-v2-2.35.0-alpha.jar;C:\Users\arora\.m2\repository\com\fasterxml\jackson\core\jackson-core\2.13.4\jackson-core-2.13.4.jar;C:\Users\arora\.m2\repository\com\google\code\findbugs\jsr305\3.0.2\jsr305-3.0.2.jar;C:\Users\arora\.m2\repository\io\grpc\grpc-api\1.62.2\grpc-api-1.62.2.jar;C:\Users\arora\.m2\repository\io\grpc\grpc-netty-shaded\1.62.2\grpc-netty-shaded-1.62.2.jar;C:\Users\arora\.m2\repository\io\grpc\grpc-util\1.62.2\grpc-util-1.62.2.jar;C:\Users\arora\.m2\repository\org\codehaus\mojo\animal-sniffer-annotations\1.23\animal-sniffer-annotations-1.23.jar;C:\Users\arora\.m2\repository\io\grpc\grpc-core\1.62.2\grpc-core-1.62.2.jar;C:\Users\arora\.m2\repository\com\google\android\annotations\4.1.1.4\annotations-4.1.1.4.jar;C:\Users\arora\.m2\repository\io\perfmark\perfmark-api\0.27.0\perfmark-api-0.27.0.jar;C:\Users\arora\.m2\repository\io\grpc\grpc-stub\1.62.2\grpc-stub-1.62.2.jar;C:\Users\arora\.m2\repository\io\grpc\grpc-googleapis\1.62.2\grpc-googleapis-1.62.2.jar;C:\Users\arora\.m2\repository\io\grpc\grpc-xds\1.62.2\grpc-xds-1.62.2.jar;C:\Users\arora\.m2\repository\io\opencensus\opencensus-proto\0.2.0\opencensus-proto-0.2.0.jar;C:\Users\arora\.m2\repository\io\grpc\grpc-services\1.62.2\grpc-services-1.62.2.jar;C:\Users\arora\.m2\repository\com\google\re2j\re2j\1.7\re2j-1.7.jar;C:\Users\arora\.m2\repository\io\grpc\grpc-rls\1.62.2\grpc-rls-1.62.2.jar;C:\Users\arora\.m2\repository\com\google\auth\google-auth-library-oauth2-http\1.23.0\google-auth-library-oauth2-http-1.23.0.jar;C:\Users\arora\.m2\repository\com\google\cloud\google-cloud-compute\1.47.0\google-cloud-compute-1.47.0.jar;C:\Users\arora\.m2\repository\com\google\api\grpc\proto-google-cloud-compute-v1\1.47.0\proto-google-cloud-compute-v1-1.47.0.jar;C:\Users\arora\.m2\repository\org\apache\httpcomponents\httpclient\4.5.13\httpclient-4.5.13.jar;C:\Users\arora\.m2\repository\org\apache\httpcomponents\httpcore\4.4.15\httpcore-4.4.15.jar;C:\Users\arora\.m2\repository\com\google\cloud\google-cloud-billing\2.37.0\google-cloud-billing-2.37.0.jar;C:\Users\arora\.m2\repository\com\google\api\grpc\proto-google-cloud-billing-v1\2.37.0\proto-google-cloud-billing-v1-2.37.0.jar;C:\Users\arora\.m2\repository\com\google\cloud\google-cloud-bigquery\2.38.1\google-cloud-bigquery-2.38.1.jar;C:\Users\arora\.m2\repository\org\checkerframework\checker-compat-qual\2.5.6\checker-compat-qual-2.5.6.jar;C:\Users\arora\.m2\repository\com\google\apis\google-api-services-bigquery\v2-rev20240211-2.0.0\google-api-services-bigquery-v2-rev20240211-2.0.0.jar;C:\Users\arora\.m2\repository\org\threeten\threeten-extra\1.7.2\threeten-extra-1.7.2.jar;C:\Users\arora\.m2\repository\com\google\cloud\google-cloud-bigquerystorage\3.3.1\google-cloud-bigquerystorage-3.3.1.jar;C:\Users\arora\.m2\repository\com\google\auto\value\auto-value\1.10.4\auto-value-1.10.4.jar;C:\Users\arora\.m2\repository\com\google\api\grpc\proto-google-cloud-bigquerystorage-v1beta1\0.175.1\proto-google-cloud-bigquerystorage-v1beta1-0.175.1.jar;C:\Users\arora\.m2\repository\com\google\api\grpc\proto-google-cloud-bigquerystorage-v1beta2\0.175.1\proto-google-cloud-bigquerystorage-v1beta2-0.175.1.jar;C:\Users\arora\.m2\repository\org\json\json\20240303\json-20240303.jar;C:\Users\arora\.m2\repository\com\google\api\grpc\grpc-google-cloud-bigquerystorage-v1beta1\0.175.1\grpc-google-cloud-bigquerystorage-v1beta1-0.175.1.jar;C:\Users\arora\.m2\repository\com\google\api\grpc\grpc-google-cloud-bigquerystorage-v1beta2\0.175.1\grpc-google-cloud-bigquerystorage-v1beta2-0.175.1.jar;C:\Users\arora\.m2\repository\com\google\api\grpc\grpc-google-cloud-bigquerystorage-v1\3.3.1\grpc-google-cloud-bigquerystorage-v1-3.3.1.jar;C:\Users\arora\.m2\repository\com\google\api\grpc\proto-google-cloud-bigquerystorage-v1\3.3.1\proto-google-cloud-bigquerystorage-v1-3.3.1.jar;C:\Users\arora\.m2\repository\org\apache\arrow\arrow-vector\15.0.0\arrow-vector-15.0.0.jar;C:\Users\arora\.m2\repository\org\apache\arrow\arrow-format\15.0.0\arrow-format-15.0.0.jar;C:\Users\arora\.m2\repository\com\fasterxml\jackson\core\jackson-annotations\2.13.4\jackson-annotations-2.13.4.jar;C:\Users\arora\.m2\repository\com\fasterxml\jackson\core\jackson-databind\2.13.4.2\jackson-databind-2.13.4.2.jar;C:\Users\arora\.m2\repository\com\fasterxml\jackson\datatype\jackson-datatype-jsr310\2.13.4\jackson-datatype-jsr310-2.13.4.jar;C:\Users\arora\.m2\repository\com\google\flatbuffers\flatbuffers-java\23.5.26\flatbuffers-java-23.5.26.jar;C:\Users\arora\.m2\repository\org\slf4j\slf4j-api\1.7.36\slf4j-api-1.7.36.jar;C:\Users\arora\.m2\repository\org\eclipse\collections\eclipse-collections\11.1.0\eclipse-collections-11.1.0.jar;C:\Users\arora\.m2\repository\org\eclipse\collections\eclipse-collections-api\11.1.0\eclipse-collections-api-11.1.0.jar;C:\Users\arora\.m2\repository\org\apache\arrow\arrow-memory-core\15.0.0\arrow-memory-core-15.0.0.jar;C:\Users\arora\.m2\repository\org\apache\arrow\arrow-memory-netty\15.0.0\arrow-memory-netty-15.0.0.jar;C:\Users\arora\.m2\repository\io\netty\netty-buffer\4.1.84.Final\netty-buffer-4.1.84.Final.jar;C:\Users\arora\.m2\repository\io\netty\netty-common\4.1.84.Final\netty-common-4.1.84.Final.jar;C:\Users\arora\.m2\repository\com\google\cloud\google-cloud-recommender\2.39.0\google-cloud-recommender-2.39.0.jar;C:\Users\arora\.m2\repository\com\google\api\grpc\proto-google-cloud-recommender-v1\2.39.0\proto-google-cloud-recommender-v1-2.39.0.jar;C:\Users\arora\.m2\repository\com\google\api\grpc\proto-google-cloud-recommender-v1beta1\0.51.0\proto-google-cloud-recommender-v1beta1-0.51.0.jar;C:\Users\arora\.m2\repository\com\google\cloud\google-cloud-monitoring\3.38.0\google-cloud-monitoring-3.38.0.jar;C:\Users\arora\.m2\repository\com\google\api\grpc\proto-google-cloud-monitoring-v3\3.38.0\proto-google-cloud-monitoring-v3-3.38.0.jar;C:\Users\arora\.m2\repository\com\google\cloud\google-cloud-securitycenter\2.45.0\google-cloud-securitycenter-2.45.0.jar;C:\Users\arora\.m2\repository\com\google\api\grpc\proto-google-cloud-securitycenter-v2\2.45.0\proto-google-cloud-securitycenter-v2-2.45.0.jar;C:\Users\arora\.m2\repository\com\google\api\grpc\proto-google-cloud-securitycenter-v1\2.45.0\proto-google-cloud-securitycenter-v1-2.45.0.jar;C:\Users\arora\.m2\repository\com\google\api\grpc\proto-google-cloud-securitycenter-v1beta1\0.140.0\proto-google-cloud-securitycenter-v1beta1-0.140.0.jar;C:\Users\arora\.m2\repository\com\google\api\grpc\proto-google-cloud-securitycenter-v1p1beta1\0.140.0\proto-google-cloud-securitycenter-v1p1beta1-0.140.0.jar;C:\Users\arora\.m2\repository\com\google\cloud\google-cloud-container\2.40.0\google-cloud-container-2.40.0.jar;C:\Users\arora\.m2\repository\com\google\api\grpc\proto-google-cloud-container-v1beta1\2.40.0\proto-google-cloud-container-v1beta1-2.40.0.jar;C:\Users\arora\.m2\repository\com\google\api\grpc\proto-google-cloud-container-v1\2.40.0\proto-google-cloud-container-v1-2.40.0.jar;C:\Users\arora\.m2\repository\com\google\cloud\google-cloud-dns\2.35.0\google-cloud-dns-2.35.0.jar;C:\Users\arora\.m2\repository\com\google\apis\google-api-services-dns\v1-rev20240118-2.0.0\google-api-services-dns-v1-rev20240118-2.0.0.jar;C:\Users\arora\.m2\repository\commons-logging\commons-logging\1.2\commons-logging-1.2.jar;C:\Users\arora\.m2\repository\com\google\cloud\google-cloud-resourcemanager\1.39.0\google-cloud-resourcemanager-1.39.0.jar;C:\Users\arora\.m2\repository\com\google\api\grpc\proto-google-cloud-resourcemanager-v3\1.39.0\proto-google-cloud-resourcemanager-v3-1.39.0.jar;C:\Users\arora\.m2\repository\com\google\apis\google-api-services-cloudresourcemanager\v1-rev20240128-2.0.0\google-api-services-cloudresourcemanager-v1-rev20240128-2.0.0.jar;C:\Users\arora\.m2\repository\com\google\cloud\google-cloud-billingbudgets\2.37.0\google-cloud-billingbudgets-2.37.0.jar;C:\Users\arora\.m2\repository\com\google\api\grpc\proto-google-cloud-billingbudgets-v1beta1\0.46.0\proto-google-cloud-billingbudgets-v1beta1-0.46.0.jar;C:\Users\arora\.m2\repository\com\google\api\grpc\proto-google-cloud-billingbudgets-v1\2.37.0\proto-google-cloud-billingbudgets-v1-2.37.0.jar;C:\Users\arora\.m2\repository\com\google\apis\google-api-services-sqladmin\v1-rev20250807-2.0.0\google-api-services-sqladmin-v1-rev20250807-2.0.0.jar;C:\Users\arora\.m2\repository\io\fabric8\kubernetes-client\6.8.1\kubernetes-client-6.8.1.jar;C:\Users\arora\.m2\repository\io\fabric8\kubernetes-client-api\6.8.1\kubernetes-client-api-6.8.1.jar;C:\Users\arora\.m2\repository\io\fabric8\kubernetes-model-core\5.10.2\kubernetes-model-core-5.10.2.jar;C:\Users\arora\.m2\repository\io\fabric8\kubernetes-model-common\5.10.2\kubernetes-model-common-5.10.2.jar;C:\Users\arora\.m2\repository\io\fabric8\kubernetes-model-gatewayapi\6.8.1\kubernetes-model-gatewayapi-6.8.1.jar;C:\Users\arora\.m2\repository\io\fabric8\kubernetes-model-resource\6.8.1\kubernetes-model-resource-6.8.1.jar;C:\Users\arora\.m2\repository\io\fabric8\kubernetes-model-rbac\5.10.2\kubernetes-model-rbac-5.10.2.jar;C:\Users\arora\.m2\repository\io\fabric8\kubernetes-model-admissionregistration\5.10.2\kubernetes-model-admissionregistration-5.10.2.jar;C:\Users\arora\.m2\repository\io\fabric8\kubernetes-model-apps\5.10.2\kubernetes-model-apps-5.10.2.jar;C:\Users\arora\.m2\repository\io\fabric8\kubernetes-model-autoscaling\5.10.2\kubernetes-model-autoscaling-5.10.2.jar;C:\Users\arora\.m2\repository\io\fabric8\kubernetes-model-apiextensions\5.10.2\kubernetes-model-apiextensions-5.10.2.jar;C:\Users\arora\.m2\repository\io\fabric8\kubernetes-model-batch\5.10.2\kubernetes-model-batch-5.10.2.jar;C:\Users\arora\.m2\repository\io\fabric8\kubernetes-model-certificates\5.10.2\kubernetes-model-certificates-5.10.2.jar;C:\Users\arora\.m2\repository\io\fabric8\kubernetes-model-coordination\5.10.2\kubernetes-model-coordination-5.10.2.jar;C:\Users\arora\.m2\repository\io\fabric8\kubernetes-model-discovery\5.10.2\kubernetes-model-discovery-5.10.2.jar;C:\Users\arora\.m2\repository\io\fabric8\kubernetes-model-events\5.10.2\kubernetes-model-events-5.10.2.jar;C:\Users\arora\.m2\repository\io\fabric8\kubernetes-model-extensions\5.10.2\kubernetes-model-extensions-5.10.2.jar;C:\Users\arora\.m2\repository\io\fabric8\kubernetes-model-flowcontrol\5.10.2\kubernetes-model-flowcontrol-5.10.2.jar;C:\Users\arora\.m2\repository\io\fabric8\kubernetes-model-networking\5.10.2\kubernetes-model-networking-5.10.2.jar;C:\Users\arora\.m2\repository\io\fabric8\kubernetes-model-metrics\5.10.2\kubernetes-model-metrics-5.10.2.jar;C:\Users\arora\.m2\repository\io\fabric8\kubernetes-model-policy\5.10.2\kubernetes-model-policy-5.10.2.jar;C:\Users\arora\.m2\repository\io\fabric8\kubernetes-model-scheduling\5.10.2\kubernetes-model-scheduling-5.10.2.jar;C:\Users\arora\.m2\repository\io\fabric8\kubernetes-model-storageclass\5.10.2\kubernetes-model-storageclass-5.10.2.jar;C:\Users\arora\.m2\repository\io\fabric8\kubernetes-model-node\5.10.2\kubernetes-model-node-5.10.2.jar;C:\Users\arora\.m2\repository\org\snakeyaml\snakeyaml-engine\2.6\snakeyaml-engine-2.6.jar;C:\Users\arora\.m2\repository\com\fasterxml\jackson\dataformat\jackson-dataformat-yaml\2.13.4\jackson-dataformat-yaml-2.13.4.jar;C:\Users\arora\.m2\repository\io\fabric8\kubernetes-httpclient-okhttp\6.8.1\kubernetes-httpclient-okhttp-6.8.1.jar;C:\Users\arora\.m2\repository\com\squareup\okhttp3\okhttp\4.9.3\okhttp-4.9.3.jar;C:\Users\arora\.m2\repository\com\squareup\okio\okio\2.8.0\okio-2.8.0.jar;C:\Users\arora\.m2\repository\org\jetbrains\kotlin\kotlin-stdlib-common\1.6.21\kotlin-stdlib-common-1.6.21.jar;C:\Users\arora\.m2\repository\org\jetbrains\kotlin\kotlin-stdlib\1.6.21\kotlin-stdlib-1.6.21.jar;C:\Users\arora\.m2\repository\org\jetbrains\annotations\13.0\annotations-13.0.jar;C:\Users\arora\.m2\repository\com\squareup\okhttp3\logging-interceptor\4.9.3\logging-interceptor-4.9.3.jar;C:\Users\arora\.m2\repository\org\jetbrains\kotlin\kotlin-stdlib-jdk8\1.6.21\kotlin-stdlib-jdk8-1.6.21.jar;C:\Users\arora\.m2\repository\org\jetbrains\kotlin\kotlin-stdlib-jdk7\1.6.21\kotlin-stdlib-jdk7-1.6.21.jar;C:\Users\arora\.m2\repository\io\fabric8\zjsonpatch\0.3.0\zjsonpatch-0.3.0.jar;C:\Users\arora\.m2\repository\org\apache\poi\poi-ooxml\5.2.3\poi-ooxml-5.2.3.jar;C:\Users\arora\.m2\repository\org\apache\poi\poi\5.2.3\poi-5.2.3.jar;C:\Users\arora\.m2\repository\org\apache\commons\commons-math3\3.6.1\commons-math3-3.6.1.jar;C:\Users\arora\.m2\repository\com\zaxxer\SparseBitSet\1.2\SparseBitSet-1.2.jar;C:\Users\arora\.m2\repository\org\apache\poi\poi-ooxml-lite\5.2.3\poi-ooxml-lite-5.2.3.jar;C:\Users\arora\.m2\repository\org\apache\xmlbeans\xmlbeans\5.1.1\xmlbeans-5.1.1.jar;C:\Users\arora\.m2\repository\org\apache\commons\commons-compress\1.21\commons-compress-1.21.jar;C:\Users\arora\.m2\repository\commons-io\commons-io\2.11.0\commons-io-2.11.0.jar;C:\Users\arora\.m2\repository\com\github\virtuald\curvesapi\1.07\curvesapi-1.07.jar;C:\Users\arora\.m2\repository\org\apache\logging\log4j\log4j-api\2.17.2\log4j-api-2.17.2.jar;C:\Users\arora\.m2\repository\org\apache\commons\commons-collections4\4.4\commons-collections4-4.4.jar;C:\Users\arora\.m2\repository\org\springdoc\springdoc-openapi-ui\1.6.12\springdoc-openapi-ui-1.6.12.jar;C:\Users\arora\.m2\repository\org\springdoc\springdoc-openapi-webmvc-core\1.6.12\springdoc-openapi-webmvc-core-1.6.12.jar;C:\Users\arora\.m2\repository\org\springdoc\springdoc-openapi-common\1.6.12\springdoc-openapi-common-1.6.12.jar;C:\Users\arora\.m2\repository\io\swagger\core\v3\swagger-core\2.2.4\swagger-core-2.2.4.jar;C:\Users\arora\.m2\repository\org\apache\commons\commons-lang3\3.12.0\commons-lang3-3.12.0.jar;C:\Users\arora\.m2\repository\io\swagger\core\v3\swagger-annotations\2.2.4\swagger-annotations-2.2.4.jar;C:\Users\arora\.m2\repository\io\swagger\core\v3\swagger-models\2.2.4\swagger-models-2.2.4.jar;C:\Users\arora\.m2\repository\jakarta\validation\jakarta.validation-api\2.0.2\jakarta.validation-api-2.0.2.jar;C:\Users\arora\.m2\repository\org\webjars\swagger-ui\4.14.3\swagger-ui-4.14.3.jar;C:\Users\arora\.m2\repository\org\webjars\webjars-locator-core\0.50\webjars-locator-core-0.50.jar;C:\Users\arora\.m2\repository\io\github\classgraph\classgraph\4.8.149\classgraph-4.8.149.jar;C:\Users\arora\.m2\repository\com\giffing\bucket4j\spring\boot\starter\bucket4j-spring-boot-starter\0.8.1\bucket4j-spring-boot-starter-0.8.1.jar;C:\Users\arora\.m2\repository\com\giffing\bucket4j\spring\boot\starter\bucket4j-spring-boot-starter-context\0.8.1\bucket4j-spring-boot-starter-context-0.8.1.jar;C:\Users\arora\.m2\repository\javax\validation\validation-api\2.0.1.Final\validation-api-2.0.1.Final.jar;C:\Users\arora\.m2\repository\javax\cache\cache-api\1.1.1\cache-api-1.1.1.jar;C:\Users\arora\.m2\repository\com\bucket4j\bucket4j_jdk8-core\8.1.0\bucket4j_jdk8-core-8.1.0.jar;C:\Users\arora\.m2\repository\com\bucket4j\bucket4j_jdk8-jcache\8.1.0\bucket4j_jdk8-jcache-8.1.0.jar;C:\Users\arora\.m2\repository\org\springframework\boot\spring-boot-starter-test\2.7.5\spring-boot-starter-test-2.7.5.jar;C:\Users\arora\.m2\repository\org\springframework\boot\spring-boot-test\2.7.5\spring-boot-test-2.7.5.jar;C:\Users\arora\.m2\repository\org\springframework\boot\spring-boot-test-autoconfigure\2.7.5\spring-boot-test-autoconfigure-2.7.5.jar;C:\Users\arora\.m2\repository\com\jayway\jsonpath\json-path\2.7.0\json-path-2.7.0.jar;C:\Users\arora\.m2\repository\net\minidev\json-smart\2.4.8\json-smart-2.4.8.jar;C:\Users\arora\.m2\repository\net\minidev\accessors-smart\2.4.8\accessors-smart-2.4.8.jar;C:\Users\arora\.m2\repository\org\ow2\asm\asm\9.1\asm-9.1.jar;C:\Users\arora\.m2\repository\jakarta\xml\bind\jakarta.xml.bind-api\2.3.3\jakarta.xml.bind-api-2.3.3.jar;C:\Users\arora\.m2\repository\jakarta\activation\jakarta.activation-api\1.2.2\jakarta.activation-api-1.2.2.jar;C:\Users\arora\.m2\repository\org\assertj\assertj-core\3.22.0\assertj-core-3.22.0.jar;C:\Users\arora\.m2\repository\org\hamcrest\hamcrest\2.2\hamcrest-2.2.jar;C:\Users\arora\.m2\repository\org\junit\jupiter\junit-jupiter\5.8.2\junit-jupiter-5.8.2.jar;C:\Users\arora\.m2\repository\org\junit\jupiter\junit-jupiter-api\5.8.2\junit-jupiter-api-5.8.2.jar;C:\Users\arora\.m2\repository\org\opentest4j\opentest4j\1.2.0\opentest4j-1.2.0.jar;C:\Users\arora\.m2\repository\org\junit\platform\junit-platform-commons\1.8.2\junit-platform-commons-1.8.2.jar;C:\Users\arora\.m2\repository\org\apiguardian\apiguardian-api\1.1.2\apiguardian-api-1.1.2.jar;C:\Users\arora\.m2\repository\org\junit\jupiter\junit-jupiter-params\5.8.2\junit-jupiter-params-5.8.2.jar;C:\Users\arora\.m2\repository\org\junit\jupiter\junit-jupiter-engine\5.8.2\junit-jupiter-engine-5.8.2.jar;C:\Users\arora\.m2\repository\org\junit\platform\junit-platform-engine\1.8.2\junit-platform-engine-1.8.2.jar;C:\Users\arora\.m2\repository\org\mockito\mockito-core\4.5.1\mockito-core-4.5.1.jar;C:\Users\arora\.m2\repository\net\bytebuddy\byte-buddy-agent\1.12.18\byte-buddy-agent-1.12.18.jar;C:\Users\arora\.m2\repository\org\objenesis\objenesis\3.2\objenesis-3.2.jar;C:\Users\arora\.m2\repository\org\mockito\mockito-junit-jupiter\4.5.1\mockito-junit-jupiter-4.5.1.jar;C:\Users\arora\.m2\repository\org\skyscreamer\jsonassert\1.5.1\jsonassert-1.5.1.jar;C:\Users\arora\.m2\repository\com\vaadin\external\google\android-json\0.0.20131108.vaadin1\android-json-0.0.20131108.vaadin1.jar;C:\Users\arora\.m2\repository\org\springframework\spring-core\5.3.23\spring-core-5.3.23.jar;C:\Users\arora\.m2\repository\org\springframework\spring-jcl\5.3.23\spring-jcl-5.3.23.jar;C:\Users\arora\.m2\repository\org\springframework\spring-test\5.3.23\spring-test-5.3.23.jar;C:\Users\arora\.m2\repository\org\xmlunit\xmlunit-core\2.9.0\xmlunit-core-2.9.0.jar;C:\Users\arora\.m2\repository\com\h2database\h2\2.1.214\h2-2.1.214.jar;"/>
    <property name="sun.cpu.endian" value="little"/>
    <property name="user.home" value="C:\Users\arora"/>
    <property name="user.language" value="en"/>
    <property name="java.specification.vendor" value="Oracle Corporation"/>
    <property name="java.version.date" value="2024-04-16"/>
    <property name="java.home" value="C:\Users\arora\AppData\Local\Programs\Eclipse Adoptium\jdk-17.0.11.9-hotspot"/>
    <property name="file.separator" value="\"/>
    <property name="basedir" value="C:\Users\arora\OneDrive\Desktop\XamOps-Platform\XamOps-Platform\xamops-service"/>
    <property name="java.vm.compressedOopsMode" value="32-bit"/>
    <property name="line.separator" value="&#10;"/>
    <property name="java.vm.specification.vendor" value="Oracle Corporation"/>
    <property name="java.specification.name" value="Java Platform API Specification"/>
    <property name="surefire.real.class.path" value="C:\Users\arora\AppData\Local\Temp\surefire12649877720110250549\surefirebooter16161091228549039705.jar"/>
    <property name="user.script" value=""/>
    <property name="sun.management.compiler" value="HotSpot 64-Bit Tiered Compilers"/>
    <property name="java.runtime.version" value="17.0.11+9"/>
    <property name="user.name" value="arora"/>
    <property name="path.separator" value=";"/>
    <property name="os.version" value="10.0"/>
    <property name="java.runtime.name" value="OpenJDK Runtime Environment"/>
    <property name="file.encoding" value="Cp1252"/>
    <property name="java.vm.name" value="OpenJDK 64-Bit Server VM"/>
    <property name="java.vendor.version" value="Temurin-17.0.11+9"/>
    <property name="localRepository" value="C:\Users\arora\.m2\repository"/>
    <property name="java.vendor.url.bug" value="https://github.com/adoptium/adoptium-support/issues"/>
    <property name="java.io.tmpdir" value="C:\Users\arora\AppData\Local\Temp\"/>
    <property name="java.version" value="17.0.11"/>
    <property name="user.dir" value="C:\Users\arora\OneDrive\Desktop\XamOps-Platform\XamOps-Platform\xamops-service"/>
    <property name="os.arch" value="amd64"/>
    <property name="java.vm.specification.name" value="Java Virtual Machine Specification"/>
    <property name="sun.os.patch.level" value=""/>
    <property name="native.encoding" value="Cp1252"/>
    <property name="java.library.path" value="C:\Users\arora\AppData\Local\Programs\Eclipse Adoptium\jdk-17.0.11.9-hotspot\bin;C:\WINDOWS\Sun\Java\bin;C:\WINDOWS\system32;C:\WINDOWS;C:\Users\arora\AppData\Local\Programs\Python\Python313\Scripts\;C:\Users\arora\AppData\Local\Programs\Python\Python313\;C:\Program Files\Common Files\Oracle\Java\javapath;C:\WINDOWS\system32;C:\WINDOWS;C:\WINDOWS\System32\Wbem;C:\WINDOWS\System32\WindowsPowerShell\v1.0\;C:\WINDOWS\System32\OpenSSH\;C:\MinGW\bin;C:\Program Files\MySQL\MySQL Server 8.0\bin;C:\minikube;C:\Program Files\Docker\Docker\resources\bin;C:\Program Files\Amazon\AWSCLIV2\;C:\eksctl;C:\Program Files\Git\cmd;C:\Users\arora\Downloads;C:\Users\arora\Downloads\maven-mvnd-1.0.2-windows-amd64;C:\WINDOWS\system32;C:\WINDOWS;C:\WINDOWS\System32\Wbem;C:\WINDOWS\System32\WindowsPowerShell\v1.0\;C:\WINDOWS\System32\OpenSSH\;C:\apache-maven-3.9.11-bin\apache-maven-3.9.11\bin;C:\Program Files\nodejs\;C:\ProgramData\chocolatey\bin;C:\Users\arora\AppData\Local\Programs\Python\Launcher\;C:\Program Files\MySQL\MySQL Shell 8.0\bin\;C:\Users\arora\AppData\Local\Programs\Eclipse Adoptium\jdk-17.0.11.9-hotspot\bin;C:\Users\arora\AppData\Local\Microsoft\WindowsApps;C:\Users\arora\AppData\Local\Programs\Microsoft VS Code\bin;C:\Program Files\Java\jdk-22\bin;C:\Users\arora\AppData\Local\Microsoft\WinGet\Packages\ahmetb.kubectx_Microsoft.Winget.Source_8wekyb3d8bbwe;C:\Users\arora\AppData\Local\Microsoft\WinGet\Packages\ahmetb.kubens_Microsoft.Winget.Source_8wekyb3d8bbwe;C:\Users\arora\AppData\Roaming\npm;."/>
    <property name="java.vm.info" value="mixed mode, sharing"/>
    <property name="java.vendor" value="Eclipse Adoptium"/>
    <property name="java.vm.version" value="17.0.11+9"/>
    <property name="sun.io.unicode.encoding" value="UnicodeLittle"/>
    <property name="java.class.version" value="61.0"/>
  </properties>
  <testcase name="contextLoads" classname="com.xammer.cloud.CloudApplicationTests" time="0.448"/>
</testsuite>